

Microchip MPLAB XC8 Assembler V2.31 build 20201012212115 
                                                                                               Sun Sep 05 18:00:51 2021

Microchip MPLAB XC8 C Compiler v2.31 (Free license) build 20201012212115 Og1 
     1                           	processor	16F887
     2                           	pagewidth 120
     3                           	opt	flic
     4                           	psect	cinit,global,class=CODE,merge=1,delta=2
     5                           	psect	bssCOMMON,global,class=COMMON,space=1,delta=1,noexec
     6                           	psect	bssBANK0,global,class=BANK0,space=1,delta=1,noexec
     7                           	psect	cstackCOMMON,global,class=COMMON,space=1,delta=1,noexec
     8                           	psect	cstackBANK0,global,class=BANK0,space=1,delta=1,noexec
     9                           	psect	maintext,global,class=CODE,split=1,delta=2
    10                           	psect	text1,local,class=CODE,merge=1,delta=2
    11                           	psect	text2,local,class=CODE,merge=1,delta=2
    12                           	psect	text3,local,class=CODE,merge=1,delta=2
    13                           	psect	intentry,global,class=CODE,delta=2
    14                           	psect	config,global,abs,ovrld,class=CONFIG,space=4,delta=2,noexec
    15                           	dabs	1,0x7E,2
    16  0000                     
    17                           ; Version 2.20
    18                           ; Generated 12/02/2020 GMT
    19                           ; 
    20                           ; Copyright © 2020, Microchip Technology Inc. and its subsidiaries ("Microchip")
    21                           ; All rights reserved.
    22                           ; 
    23                           ; This software is developed by Microchip Technology Inc. and its subsidiaries ("Microch
      +                          ip").
    24                           ; 
    25                           ; Redistribution and use in source and binary forms, with or without modification, are
    26                           ; permitted provided that the following conditions are met:
    27                           ; 
    28                           ;     1. Redistributions of source code must retain the above copyright notice, this lis
      +                          t of
    29                           ;        conditions and the following disclaimer.
    30                           ; 
    31                           ;     2. Redistributions in binary form must reproduce the above copyright notice, this 
      +                          list
    32                           ;        of conditions and the following disclaimer in the documentation and/or other
    33                           ;        materials provided with the distribution.
    34                           ; 
    35                           ;     3. Microchip's name may not be used to endorse or promote products derived from th
      +                          is
    36                           ;        software without specific prior written permission.
    37                           ; 
    38                           ; THIS SOFTWARE IS PROVIDED BY MICROCHIP "AS IS" AND ANY EXPRESS OR IMPLIED WARRANTIES,
    39                           ; INCLUDING, BUT NOT LIMITED TO, THE IMPLIED WARRANTIES OF MERCHANTABILITY AND FITNESS F
      +                          OR
    40                           ; PURPOSE ARE DISCLAIMED.  IN NO EVENT SHALL MICROCHIP BE LIABLE FOR ANY DIRECT, INDIREC
      +                          T,
    41                           ; INCIDENTAL, SPECIAL, EXEMPLARY, OR CONSEQUENTIAL DAMAGES (INCLUDING BUT NOT LIMITED TO
    42                           ; PROCUREMENT OF SUBSTITUTE GOODS OR SERVICES; LOSS OF USE, DATA OR PROFITS; OR BUSINESS
    43                           ; INTERRUPTION) HOWSOEVER CAUSED AND ON ANY THEORY OF LIABILITY, WHETHER IN CONTRACT, ST
      +                          RICT
    44                           ; LIABILITY, OR TORT (INCLUDING NEGLIGENCE OR OTHERWISE) ARISING IN ANY WAY OUT OF THE U
      +                          SE OF
    45                           ; THIS SOFTWARE, EVEN IF ADVISED OF THE POSSIBILITY OF SUCH DAMAGE.
    46                           ; 
    47                           ; 
    48                           ; Code-generator required, PIC16F887 Definitions
    49                           ; 
    50                           ; SFR Addresses
    51  0000                     	;# 
    52  0001                     	;# 
    53  0002                     	;# 
    54  0003                     	;# 
    55  0004                     	;# 
    56  0005                     	;# 
    57  0006                     	;# 
    58  0007                     	;# 
    59  0008                     	;# 
    60  0009                     	;# 
    61  000A                     	;# 
    62  000B                     	;# 
    63  000C                     	;# 
    64  000D                     	;# 
    65  000E                     	;# 
    66  000E                     	;# 
    67  000F                     	;# 
    68  0010                     	;# 
    69  0011                     	;# 
    70  0012                     	;# 
    71  0013                     	;# 
    72  0014                     	;# 
    73  0015                     	;# 
    74  0015                     	;# 
    75  0016                     	;# 
    76  0017                     	;# 
    77  0018                     	;# 
    78  0019                     	;# 
    79  001A                     	;# 
    80  001B                     	;# 
    81  001B                     	;# 
    82  001C                     	;# 
    83  001D                     	;# 
    84  001E                     	;# 
    85  001F                     	;# 
    86  0081                     	;# 
    87  0085                     	;# 
    88  0086                     	;# 
    89  0087                     	;# 
    90  0088                     	;# 
    91  0089                     	;# 
    92  008C                     	;# 
    93  008D                     	;# 
    94  008E                     	;# 
    95  008F                     	;# 
    96  0090                     	;# 
    97  0091                     	;# 
    98  0092                     	;# 
    99  0093                     	;# 
   100  0093                     	;# 
   101  0093                     	;# 
   102  0094                     	;# 
   103  0095                     	;# 
   104  0096                     	;# 
   105  0097                     	;# 
   106  0098                     	;# 
   107  0099                     	;# 
   108  009A                     	;# 
   109  009B                     	;# 
   110  009C                     	;# 
   111  009D                     	;# 
   112  009E                     	;# 
   113  009F                     	;# 
   114  0105                     	;# 
   115  0107                     	;# 
   116  0108                     	;# 
   117  0109                     	;# 
   118  010C                     	;# 
   119  010C                     	;# 
   120  010D                     	;# 
   121  010E                     	;# 
   122  010F                     	;# 
   123  0185                     	;# 
   124  0187                     	;# 
   125  0188                     	;# 
   126  0189                     	;# 
   127  018C                     	;# 
   128  018D                     	;# 
   129  0000                     	;# 
   130  0001                     	;# 
   131  0002                     	;# 
   132  0003                     	;# 
   133  0004                     	;# 
   134  0005                     	;# 
   135  0006                     	;# 
   136  0007                     	;# 
   137  0008                     	;# 
   138  0009                     	;# 
   139  000A                     	;# 
   140  000B                     	;# 
   141  000C                     	;# 
   142  000D                     	;# 
   143  000E                     	;# 
   144  000E                     	;# 
   145  000F                     	;# 
   146  0010                     	;# 
   147  0011                     	;# 
   148  0012                     	;# 
   149  0013                     	;# 
   150  0014                     	;# 
   151  0015                     	;# 
   152  0015                     	;# 
   153  0016                     	;# 
   154  0017                     	;# 
   155  0018                     	;# 
   156  0019                     	;# 
   157  001A                     	;# 
   158  001B                     	;# 
   159  001B                     	;# 
   160  001C                     	;# 
   161  001D                     	;# 
   162  001E                     	;# 
   163  001F                     	;# 
   164  0081                     	;# 
   165  0085                     	;# 
   166  0086                     	;# 
   167  0087                     	;# 
   168  0088                     	;# 
   169  0089                     	;# 
   170  008C                     	;# 
   171  008D                     	;# 
   172  008E                     	;# 
   173  008F                     	;# 
   174  0090                     	;# 
   175  0091                     	;# 
   176  0092                     	;# 
   177  0093                     	;# 
   178  0093                     	;# 
   179  0093                     	;# 
   180  0094                     	;# 
   181  0095                     	;# 
   182  0096                     	;# 
   183  0097                     	;# 
   184  0098                     	;# 
   185  0099                     	;# 
   186  009A                     	;# 
   187  009B                     	;# 
   188  009C                     	;# 
   189  009D                     	;# 
   190  009E                     	;# 
   191  009F                     	;# 
   192  0105                     	;# 
   193  0107                     	;# 
   194  0108                     	;# 
   195  0109                     	;# 
   196  010C                     	;# 
   197  010C                     	;# 
   198  010D                     	;# 
   199  010E                     	;# 
   200  010F                     	;# 
   201  0185                     	;# 
   202  0187                     	;# 
   203  0188                     	;# 
   204  0189                     	;# 
   205  018C                     	;# 
   206  018D                     	;# 
   207  0000                     	;# 
   208  0001                     	;# 
   209  0002                     	;# 
   210  0003                     	;# 
   211  0004                     	;# 
   212  0005                     	;# 
   213  0006                     	;# 
   214  0007                     	;# 
   215  0008                     	;# 
   216  0009                     	;# 
   217  000A                     	;# 
   218  000B                     	;# 
   219  000C                     	;# 
   220  000D                     	;# 
   221  000E                     	;# 
   222  000E                     	;# 
   223  000F                     	;# 
   224  0010                     	;# 
   225  0011                     	;# 
   226  0012                     	;# 
   227  0013                     	;# 
   228  0014                     	;# 
   229  0015                     	;# 
   230  0015                     	;# 
   231  0016                     	;# 
   232  0017                     	;# 
   233  0018                     	;# 
   234  0019                     	;# 
   235  001A                     	;# 
   236  001B                     	;# 
   237  001B                     	;# 
   238  001C                     	;# 
   239  001D                     	;# 
   240  001E                     	;# 
   241  001F                     	;# 
   242  0081                     	;# 
   243  0085                     	;# 
   244  0086                     	;# 
   245  0087                     	;# 
   246  0088                     	;# 
   247  0089                     	;# 
   248  008C                     	;# 
   249  008D                     	;# 
   250  008E                     	;# 
   251  008F                     	;# 
   252  0090                     	;# 
   253  0091                     	;# 
   254  0092                     	;# 
   255  0093                     	;# 
   256  0093                     	;# 
   257  0093                     	;# 
   258  0094                     	;# 
   259  0095                     	;# 
   260  0096                     	;# 
   261  0097                     	;# 
   262  0098                     	;# 
   263  0099                     	;# 
   264  009A                     	;# 
   265  009B                     	;# 
   266  009C                     	;# 
   267  009D                     	;# 
   268  009E                     	;# 
   269  009F                     	;# 
   270  0105                     	;# 
   271  0107                     	;# 
   272  0108                     	;# 
   273  0109                     	;# 
   274  010C                     	;# 
   275  010C                     	;# 
   276  010D                     	;# 
   277  010E                     	;# 
   278  010F                     	;# 
   279  0185                     	;# 
   280  0187                     	;# 
   281  0188                     	;# 
   282  0189                     	;# 
   283  018C                     	;# 
   284  018D                     	;# 
   285  0014                     _SSPCON	set	20
   286  0012                     _T2CONbits	set	18
   287  000B                     _INTCONbits	set	11
   288  0005                     _PORTA	set	5
   289  001D                     _CCP2CONbits	set	29
   290  001B                     _CCPR2L	set	27
   291  0017                     _CCP1CONbits	set	23
   292  0015                     _CCPR1L	set	21
   293  0006                     _PORTB	set	6
   294  0008                     _PORTD	set	8
   295  001E                     _ADRESH	set	30
   296  001F                     _ADCON0bits	set	31
   297  0013                     _SSPBUF	set	19
   298  0014                     _SSPCONbits	set	20
   299  000C                     _PIR1bits	set	12
   300  0063                     _SSPIF	set	99
   301  005E                     _PEIE	set	94
   302  005F                     _GIE	set	95
   303  0091                     _SSPCON2bits	set	145
   304  0094                     _SSPSTAT	set	148
   305  0093                     _SSPADD	set	147
   306  0091                     _SSPCON2	set	145
   307  0092                     _PR2	set	146
   308  0087                     _TRISCbits	set	135
   309  009F                     _ADCON1bits	set	159
   310  008C                     _PIE1bits	set	140
   311  008F                     _OSCCONbits	set	143
   312  0088                     _TRISD	set	136
   313  0086                     _TRISB	set	134
   314  0085                     _TRISA	set	133
   315  009E                     _ADRESL	set	158
   316  0094                     _SSPSTATbits	set	148
   317  0463                     _SSPIE	set	1123
   318  043C                     _TRISC4	set	1084
   319  043B                     _TRISC3	set	1083
   320  0189                     _ANSELH	set	393
   321  0188                     _ANSEL	set	392
   322                           
   323                           	psect	cinit
   324  0011                     start_initialization:	
   325                           ; #config settings
   326                           
   327  0011                     __initialization:
   328                           
   329                           ; Clear objects allocated to COMMON
   330  0011  01F0               	clrf	__pbssCOMMON& (0+127)
   331  0012  01F1               	clrf	(__pbssCOMMON+1)& (0+127)
   332  0013  01F2               	clrf	(__pbssCOMMON+2)& (0+127)
   333  0014  01F3               	clrf	(__pbssCOMMON+3)& (0+127)
   334  0015  01F4               	clrf	(__pbssCOMMON+4)& (0+127)
   335                           
   336                           ; Clear objects allocated to BANK0
   337  0016  1283               	bcf	3,5	;RP0=0, select bank0
   338  0017  1303               	bcf	3,6	;RP1=0, select bank0
   339  0018  01A0               	clrf	__pbssBANK0& (0+127)
   340  0019  01A1               	clrf	(__pbssBANK0+1)& (0+127)
   341  001A  01A2               	clrf	(__pbssBANK0+2)& (0+127)
   342  001B  01A3               	clrf	(__pbssBANK0+3)& (0+127)
   343  001C  01A4               	clrf	(__pbssBANK0+4)& (0+127)
   344  001D  01A5               	clrf	(__pbssBANK0+5)& (0+127)
   345  001E                     end_of_initialization:	
   346                           ;End of C runtime variable initialization code
   347                           
   348  001E                     __end_of__initialization:
   349  001E  0183               	clrf	3
   350  001F  120A  118A  2822   	ljmp	_main	;jump to C main() function
   351                           
   352                           	psect	bssCOMMON
   353  0070                     __pbssCOMMON:
   354  0070                     _lec1:
   355  0070                     	ds	2
   356  0072                     _torque:
   357  0072                     	ds	1
   358  0073                     _speed:
   359  0073                     	ds	1
   360  0074                     _tem1:
   361  0074                     	ds	1
   362                           
   363                           	psect	bssBANK0
   364  0020                     __pbssBANK0:
   365  0020                     _counter:
   366  0020                     	ds	1
   367  0021                     _tem2:
   368  0021                     	ds	1
   369  0022                     _lec:
   370  0022                     	ds	1
   371  0023                     _adc:
   372  0023                     	ds	1
   373  0024                     _dato:
   374  0024                     	ds	1
   375  0025                     _z:
   376  0025                     	ds	1
   377                           
   378                           	psect	cstackCOMMON
   379  0075                     __pcstackCOMMON:
   380  0075                     ?_setup:
   381  0075                     ?_I2C_Slave_Init:	
   382                           ; 1 bytes @ 0x0
   383                           
   384  0075                     ?_isr:	
   385                           ; 1 bytes @ 0x0
   386                           
   387  0075                     ??_isr:	
   388                           ; 1 bytes @ 0x0
   389                           
   390  0075                     ?_main:	
   391                           ; 1 bytes @ 0x0
   392                           
   393                           
   394                           ; 1 bytes @ 0x0
   395  0075                     	ds	5
   396                           
   397                           	psect	cstackBANK0
   398  0026                     __pcstackBANK0:
   399  0026                     ??_I2C_Slave_Init:
   400  0026                     I2C_Slave_Init@address:	
   401                           ; 1 bytes @ 0x0
   402                           
   403                           
   404                           ; 1 bytes @ 0x0
   405  0026                     	ds	1
   406  0027                     ??_setup:
   407                           
   408                           ; 1 bytes @ 0x1
   409  0027                     	ds	1
   410  0028                     ??_main:
   411                           
   412                           ; 1 bytes @ 0x2
   413  0028                     	ds	2
   414                           
   415                           	psect	maintext
   416  0022                     __pmaintext:	
   417 ;;
   418 ;;Main: autosize = 0, tempsize = 2, incstack = 0, save=0
   419 ;;
   420 ;; *************** function _main *****************
   421 ;; Defined at:
   422 ;;		line 151 in file "Slave_2.c"
   423 ;; Parameters:    Size  Location     Type
   424 ;;		None
   425 ;; Auto vars:     Size  Location     Type
   426 ;;		None
   427 ;; Return value:  Size  Location     Type
   428 ;;                  1    wreg      void 
   429 ;; Registers used:
   430 ;;		wreg, status,2, status,0, btemp+1, pclath, cstack
   431 ;; Tracked objects:
   432 ;;		On entry : B00/0
   433 ;;		On exit  : 0/0
   434 ;;		Unchanged: 0/0
   435 ;; Data sizes:     COMMON   BANK0   BANK1   BANK3   BANK2
   436 ;;      Params:         0       0       0       0       0
   437 ;;      Locals:         0       0       0       0       0
   438 ;;      Temps:          0       2       0       0       0
   439 ;;      Totals:         0       2       0       0       0
   440 ;;Total ram usage:        2 bytes
   441 ;; Hardware stack levels required when called:    3
   442 ;; This function calls:
   443 ;;		_setup
   444 ;; This function is called by:
   445 ;;		Startup code after reset
   446 ;; This function uses a non-reentrant model
   447 ;;
   448                           
   449                           
   450                           ;psect for function _main
   451  0022                     _main:
   452  0022                     l1318:	
   453                           ;incstack = 0
   454                           ; Regs used in _main: [wreg+status,2+status,0+btemp+1+pclath+cstack]
   455                           
   456                           
   457                           ;Slave_2.c: 152:     setup();
   458  0022  120A  118A  216A  120A  118A  	fcall	_setup
   459  0027                     l1320:
   460                           
   461                           ;Slave_2.c: 153:     ADCON0bits.GO = 1;
   462  0027  1283               	bcf	3,5	;RP0=0, select bank0
   463  0028  1303               	bcf	3,6	;RP1=0, select bank0
   464  0029  149F               	bsf	31,1	;volatile
   465  002A                     l1322:
   466                           
   467                           ;Slave_2.c: 159:         if (ADCON0bits.GO == 0){
   468  002A  189F               	btfsc	31,1	;volatile
   469  002B  282D               	goto	u501
   470  002C  282E               	goto	u500
   471  002D                     u501:
   472  002D  2848               	goto	l1334
   473  002E                     u500:
   474  002E                     l1324:
   475                           
   476                           ;Slave_2.c: 160:             if (ADCON0bits.CHS == 0) {
   477  002E  0C1F               	rrf	31,w	;volatile
   478  002F  00A8               	movwf	??_main
   479  0030  0C28               	rrf	??_main,w
   480  0031  390F               	andlw	15
   481  0032  3A00               	xorlw	0
   482  0033  1D03               	skipz
   483  0034  2836               	goto	u511
   484  0035  2837               	goto	u510
   485  0036                     u511:
   486  0036  283C               	goto	l1328
   487  0037                     u510:
   488  0037                     l1326:
   489                           
   490                           ;Slave_2.c: 161:                 ADCON0bits.CHS = 1;
   491  0037  081F               	movf	31,w	;volatile
   492  0038  39C3               	andlw	-61
   493  0039  3804               	iorlw	4
   494  003A  009F               	movwf	31	;volatile
   495                           
   496                           ;Slave_2.c: 162:             }
   497  003B  283E               	goto	l1330
   498  003C                     l1328:
   499                           
   500                           ;Slave_2.c: 164:                 ADCON0bits.CHS = 0;
   501  003C  30C3               	movlw	-61
   502  003D  059F               	andwf	31,f	;volatile
   503  003E                     l1330:
   504                           
   505                           ;Slave_2.c: 167:             _delay((unsigned long)((200)*(8000000/4000000.0)));
   506  003E  3084               	movlw	132
   507  003F  1283               	bcf	3,5	;RP0=0, select bank0
   508  0040  1303               	bcf	3,6	;RP1=0, select bank0
   509  0041  00A8               	movwf	??_main
   510  0042                     u607:
   511  0042  0BA8               	decfsz	??_main,f
   512  0043  2842               	goto	u607
   513  0044  0000               	nop
   514  0045                     l1332:
   515                           
   516                           ;Slave_2.c: 168:             ADCON0bits.GO = 1;
   517  0045  1283               	bcf	3,5	;RP0=0, select bank0
   518  0046  1303               	bcf	3,6	;RP1=0, select bank0
   519  0047  149F               	bsf	31,1	;volatile
   520  0048                     l1334:
   521                           
   522                           ;Slave_2.c: 171:         lec1 = tem1 << 8;
   523  0048  0874               	movf	_tem1,w
   524  0049  00A8               	movwf	??_main
   525  004A  01A9               	clrf	??_main+1
   526  004B  0828               	movf	??_main,w
   527  004C  00A9               	movwf	??_main+1
   528  004D  01A8               	clrf	??_main
   529  004E  0828               	movf	??_main,w
   530  004F  00F0               	movwf	_lec1
   531  0050  0829               	movf	??_main+1,w
   532  0051  00F1               	movwf	_lec1+1
   533  0052                     l1336:
   534                           
   535                           ;Slave_2.c: 172:         lec1 = lec1 + tem2;
   536  0052  0821               	movf	_tem2,w
   537  0053  0770               	addwf	_lec1,w
   538  0054  00F0               	movwf	_lec1
   539  0055  0871               	movf	_lec1+1,w
   540  0056  1803               	skipnc
   541  0057  0A71               	incf	_lec1+1,w
   542  0058  00F1               	movwf	_lec1+1
   543  0059                     l1342:	
   544                           ;Slave_2.c: 175:         if (lec1 > -1 && lec1 < 50) {
   545                           
   546  0059  3000               	movlw	0
   547  005A  0271               	subwf	_lec1+1,w
   548  005B  3033               	movlw	51
   549  005C  1903               	skipnz
   550  005D  0270               	subwf	_lec1,w
   551  005E  1C03               	skipc
   552  005F  2861               	goto	u521
   553  0060  2862               	goto	u520
   554  0061                     u521:
   555  0061  2870               	goto	l1348
   556  0062                     u520:
   557  0062                     l1344:
   558  0062  3000               	movlw	0
   559  0063  0271               	subwf	_lec1+1,w
   560  0064  307D               	movlw	125
   561  0065  1903               	skipnz
   562  0066  0270               	subwf	_lec1,w
   563  0067  1803               	skipnc
   564  0068  286A               	goto	u531
   565  0069  286B               	goto	u530
   566  006A                     u531:
   567  006A  2870               	goto	l1348
   568  006B                     u530:
   569  006B                     l1346:
   570                           
   571                           ;Slave_2.c: 180:             speed = 180;
   572  006B  30B4               	movlw	180
   573  006C  00A8               	movwf	??_main
   574  006D  0828               	movf	??_main,w
   575  006E  00F3               	movwf	_speed
   576                           
   577                           ;Slave_2.c: 181:         }
   578  006F  28AC               	goto	l113
   579  0070                     l1348:
   580  0070  3000               	movlw	0
   581  0071  0271               	subwf	_lec1+1,w
   582  0072  307E               	movlw	126
   583  0073  1903               	skipnz
   584  0074  0270               	subwf	_lec1,w
   585  0075  1C03               	skipc
   586  0076  2878               	goto	u541
   587  0077  2879               	goto	u540
   588  0078                     u541:
   589  0078  2887               	goto	l1354
   590  0079                     u540:
   591  0079                     l1350:
   592  0079  3000               	movlw	0
   593  007A  0271               	subwf	_lec1+1,w
   594  007B  30C8               	movlw	200
   595  007C  1903               	skipnz
   596  007D  0270               	subwf	_lec1,w
   597  007E  1803               	skipnc
   598  007F  2881               	goto	u551
   599  0080  2882               	goto	u550
   600  0081                     u551:
   601  0081  2887               	goto	l1354
   602  0082                     u550:
   603  0082                     l1352:
   604                           
   605                           ;Slave_2.c: 184:             speed = 120;
   606  0082  3078               	movlw	120
   607  0083  00A8               	movwf	??_main
   608  0084  0828               	movf	??_main,w
   609  0085  00F3               	movwf	_speed
   610                           
   611                           ;Slave_2.c: 185:         }
   612  0086  28AC               	goto	l113
   613  0087                     l1354:
   614  0087  3000               	movlw	0
   615  0088  0271               	subwf	_lec1+1,w
   616  0089  30C9               	movlw	201
   617  008A  1903               	skipnz
   618  008B  0270               	subwf	_lec1,w
   619  008C  1C03               	skipc
   620  008D  288F               	goto	u561
   621  008E  2890               	goto	u560
   622  008F                     u561:
   623  008F  289E               	goto	l1360
   624  0090                     u560:
   625  0090                     l1356:
   626  0090  3001               	movlw	1
   627  0091  0271               	subwf	_lec1+1,w
   628  0092  302C               	movlw	44
   629  0093  1903               	skipnz
   630  0094  0270               	subwf	_lec1,w
   631  0095  1803               	skipnc
   632  0096  2898               	goto	u571
   633  0097  2899               	goto	u570
   634  0098                     u571:
   635  0098  289E               	goto	l1360
   636  0099                     u570:
   637  0099                     l1358:
   638                           
   639                           ;Slave_2.c: 188:             speed = 80;
   640  0099  3050               	movlw	80
   641  009A  00A8               	movwf	??_main
   642  009B  0828               	movf	??_main,w
   643  009C  00F3               	movwf	_speed
   644                           
   645                           ;Slave_2.c: 189:         }
   646  009D  28AC               	goto	l113
   647  009E                     l1360:
   648  009E  3001               	movlw	1
   649  009F  0271               	subwf	_lec1+1,w
   650  00A0  302D               	movlw	45
   651  00A1  1903               	skipnz
   652  00A2  0270               	subwf	_lec1,w
   653  00A3  1C03               	skipc
   654  00A4  28A6               	goto	u581
   655  00A5  28A7               	goto	u580
   656  00A6                     u581:
   657  00A6  28AC               	goto	l117
   658  00A7                     u580:
   659  00A7                     l1362:
   660                           
   661                           ;Slave_2.c: 192:             speed = 20;
   662  00A7  3014               	movlw	20
   663  00A8  00A8               	movwf	??_main
   664  00A9  0828               	movf	??_main,w
   665  00AA  00F3               	movwf	_speed
   666  00AB  28AC               	goto	l113
   667  00AC                     l117:
   668  00AC                     l113:
   669                           
   670                           ;Slave_2.c: 195:         torque = 255;
   671  00AC  30FF               	movlw	255
   672  00AD  00A8               	movwf	??_main
   673  00AE  0828               	movf	??_main,w
   674  00AF  00F2               	movwf	_torque
   675                           
   676                           ;Slave_2.c: 196:         PORTB = speed;
   677  00B0  0873               	movf	_speed,w
   678  00B1  0086               	movwf	6	;volatile
   679                           
   680                           ;Slave_2.c: 198:         CCPR1L = speed;
   681  00B2  0873               	movf	_speed,w
   682  00B3  0095               	movwf	21	;volatile
   683  00B4                     l1364:
   684                           
   685                           ;Slave_2.c: 199:         CCP1CONbits.DC1B1 = speed & 0b01;
   686  00B4  0873               	movf	_speed,w
   687  00B5  3901               	andlw	1
   688  00B6  00A8               	movwf	??_main
   689  00B7  0EA8               	swapf	??_main,f
   690  00B8  0DA8               	rlf	??_main,f
   691  00B9  0817               	movf	23,w	;volatile
   692  00BA  0628               	xorwf	??_main,w
   693  00BB  39DF               	andlw	-33
   694  00BC  0628               	xorwf	??_main,w
   695  00BD  0097               	movwf	23	;volatile
   696  00BE                     l1366:
   697                           
   698                           ;Slave_2.c: 200:         CCP1CONbits.DC1B0 = (speed >> 7);
   699  00BE  0873               	movf	_speed,w
   700  00BF  00A8               	movwf	??_main
   701  00C0  3007               	movlw	7
   702  00C1                     u595:
   703  00C1  1003               	clrc
   704  00C2  0CA8               	rrf	??_main,f
   705  00C3  3EFF               	addlw	-1
   706  00C4  1D03               	skipz
   707  00C5  28C1               	goto	u595
   708  00C6  0828               	movf	??_main,w
   709  00C7  00A9               	movwf	??_main+1
   710  00C8  0EA9               	swapf	??_main+1,f
   711  00C9  0817               	movf	23,w	;volatile
   712  00CA  0629               	xorwf	??_main+1,w
   713  00CB  39EF               	andlw	-17
   714  00CC  0629               	xorwf	??_main+1,w
   715  00CD  0097               	movwf	23	;volatile
   716                           
   717                           ;Slave_2.c: 202:         CCPR2L = torque;
   718  00CE  30FF               	movlw	255
   719  00CF  009B               	movwf	27	;volatile
   720  00D0                     l1368:
   721                           
   722                           ;Slave_2.c: 203:         CCP2CONbits.DC2B1 = torque & 0b01;
   723  00D0  169D               	bsf	29,5	;volatile
   724  00D1                     l1370:
   725                           
   726                           ;Slave_2.c: 204:         CCP2CONbits.DC2B0 = (torque >> 7);
   727  00D1  161D               	bsf	29,4	;volatile
   728  00D2  282A               	goto	l1322
   729  00D3  120A  118A  280E   	ljmp	start
   730  00D6                     __end_of_main:
   731                           
   732                           	psect	text1
   733  016A                     __ptext1:	
   734 ;; *************** function _setup *****************
   735 ;; Defined at:
   736 ;;		line 212 in file "Slave_2.c"
   737 ;; Parameters:    Size  Location     Type
   738 ;;		None
   739 ;; Auto vars:     Size  Location     Type
   740 ;;		None
   741 ;; Return value:  Size  Location     Type
   742 ;;                  1    wreg      void 
   743 ;; Registers used:
   744 ;;		wreg, status,2, status,0, pclath, cstack
   745 ;; Tracked objects:
   746 ;;		On entry : 0/0
   747 ;;		On exit  : 0/0
   748 ;;		Unchanged: 0/0
   749 ;; Data sizes:     COMMON   BANK0   BANK1   BANK3   BANK2
   750 ;;      Params:         0       0       0       0       0
   751 ;;      Locals:         0       0       0       0       0
   752 ;;      Temps:          0       1       0       0       0
   753 ;;      Totals:         0       1       0       0       0
   754 ;;Total ram usage:        1 bytes
   755 ;; Hardware stack levels used:    1
   756 ;; Hardware stack levels required when called:    2
   757 ;; This function calls:
   758 ;;		_I2C_Slave_Init
   759 ;; This function is called by:
   760 ;;		_main
   761 ;; This function uses a non-reentrant model
   762 ;;
   763                           
   764                           
   765                           ;psect for function _setup
   766  016A                     _setup:
   767  016A                     l1250:	
   768                           ;incstack = 0
   769                           ; Regs used in _setup: [wreg+status,2+status,0+pclath+cstack]
   770                           
   771                           
   772                           ;Slave_2.c: 213:     ANSEL = 0x03;
   773  016A  3003               	movlw	3
   774  016B  1683               	bsf	3,5	;RP0=1, select bank3
   775  016C  1703               	bsf	3,6	;RP1=1, select bank3
   776  016D  0088               	movwf	8	;volatile
   777  016E                     l1252:
   778                           
   779                           ;Slave_2.c: 214:     ANSELH = 0x00;
   780  016E  0189               	clrf	9	;volatile
   781  016F                     l1254:
   782                           
   783                           ;Slave_2.c: 216:     TRISA = 0x03;
   784  016F  3003               	movlw	3
   785  0170  1683               	bsf	3,5	;RP0=1, select bank1
   786  0171  1303               	bcf	3,6	;RP1=0, select bank1
   787  0172  0085               	movwf	5	;volatile
   788                           
   789                           ;Slave_2.c: 217:     TRISB = 0x00;
   790  0173  0186               	clrf	6	;volatile
   791                           
   792                           ;Slave_2.c: 218:     TRISD = 0x00;
   793  0174  0188               	clrf	8	;volatile
   794                           
   795                           ;Slave_2.c: 220:     PORTA = 0x00;
   796  0175  1283               	bcf	3,5	;RP0=0, select bank0
   797  0176  1303               	bcf	3,6	;RP1=0, select bank0
   798  0177  0185               	clrf	5	;volatile
   799                           
   800                           ;Slave_2.c: 221:     PORTB = 0x00;
   801  0178  0186               	clrf	6	;volatile
   802                           
   803                           ;Slave_2.c: 222:     PORTD = 0x00;
   804  0179  0188               	clrf	8	;volatile
   805  017A                     l1256:
   806                           
   807                           ;Slave_2.c: 223:     I2C_Slave_Init(0x50);
   808  017A  3050               	movlw	80
   809  017B  120A  118A  21CF  120A  118A  	fcall	_I2C_Slave_Init
   810  0180                     l1258:
   811                           
   812                           ;Slave_2.c: 226:     OSCCONbits.IRCF2 = 1;
   813  0180  1683               	bsf	3,5	;RP0=1, select bank1
   814  0181  1303               	bcf	3,6	;RP1=0, select bank1
   815  0182  170F               	bsf	15,6	;volatile
   816  0183                     l1260:
   817                           
   818                           ;Slave_2.c: 227:     OSCCONbits.IRCF1 = 1;
   819  0183  168F               	bsf	15,5	;volatile
   820  0184                     l1262:
   821                           
   822                           ;Slave_2.c: 228:     OSCCONbits.IRCF0 = 1;
   823  0184  160F               	bsf	15,4	;volatile
   824  0185                     l1264:
   825                           
   826                           ;Slave_2.c: 229:     OSCCONbits.SCS = 1;
   827  0185  140F               	bsf	15,0	;volatile
   828  0186                     l1266:
   829                           
   830                           ;Slave_2.c: 232:     INTCONbits.GIE = 1;
   831  0186  178B               	bsf	11,7	;volatile
   832  0187                     l1268:
   833                           
   834                           ;Slave_2.c: 233:     INTCONbits.PEIE = 1;
   835  0187  170B               	bsf	11,6	;volatile
   836  0188                     l1270:
   837                           
   838                           ;Slave_2.c: 234:     PIE1bits.ADIE = 1;
   839  0188  170C               	bsf	12,6	;volatile
   840  0189                     l1272:
   841                           
   842                           ;Slave_2.c: 236:     PIR1bits.ADIF = 0;
   843  0189  1283               	bcf	3,5	;RP0=0, select bank0
   844  018A  1303               	bcf	3,6	;RP1=0, select bank0
   845  018B  130C               	bcf	12,6	;volatile
   846  018C                     l1274:
   847                           
   848                           ;Slave_2.c: 239:     ADCON1bits.ADFM = 1;
   849  018C  1683               	bsf	3,5	;RP0=1, select bank1
   850  018D  1303               	bcf	3,6	;RP1=0, select bank1
   851  018E  179F               	bsf	31,7	;volatile
   852  018F                     l1276:
   853                           
   854                           ;Slave_2.c: 240:     ADCON1bits.VCFG0 = 0;
   855  018F  121F               	bcf	31,4	;volatile
   856  0190                     l1278:
   857                           
   858                           ;Slave_2.c: 241:     ADCON1bits.VCFG1 = 0;
   859  0190  129F               	bcf	31,5	;volatile
   860  0191                     l1280:
   861                           
   862                           ;Slave_2.c: 243:     ADCON0bits.ADCS1 = 1;
   863  0191  1283               	bcf	3,5	;RP0=0, select bank0
   864  0192  1303               	bcf	3,6	;RP1=0, select bank0
   865  0193  179F               	bsf	31,7	;volatile
   866  0194                     l1282:
   867                           
   868                           ;Slave_2.c: 244:     ADCON0bits.CHS = 0;
   869  0194  30C3               	movlw	-61
   870  0195  059F               	andwf	31,f	;volatile
   871  0196                     l1284:
   872                           
   873                           ;Slave_2.c: 245:     _delay((unsigned long)((200)*(8000000/4000000.0)));
   874  0196  3084               	movlw	132
   875  0197  1283               	bcf	3,5	;RP0=0, select bank0
   876  0198  1303               	bcf	3,6	;RP1=0, select bank0
   877  0199  00A7               	movwf	??_setup
   878  019A                     u617:
   879  019A  0BA7               	decfsz	??_setup,f
   880  019B  299A               	goto	u617
   881  019C  0000               	nop
   882  019D                     l1286:
   883                           
   884                           ;Slave_2.c: 246:     ADCON0bits.ADON = 1;
   885  019D  1283               	bcf	3,5	;RP0=0, select bank0
   886  019E  1303               	bcf	3,6	;RP1=0, select bank0
   887  019F  141F               	bsf	31,0	;volatile
   888  01A0                     l1288:
   889                           
   890                           ;Slave_2.c: 247:     _delay((unsigned long)((200)*(8000000/4000000.0)));
   891  01A0  3084               	movlw	132
   892  01A1  1283               	bcf	3,5	;RP0=0, select bank0
   893  01A2  1303               	bcf	3,6	;RP1=0, select bank0
   894  01A3  00A7               	movwf	??_setup
   895  01A4                     u627:
   896  01A4  0BA7               	decfsz	??_setup,f
   897  01A5  29A4               	goto	u627
   898  01A6  0000               	nop
   899  01A7                     l1290:
   900                           
   901                           ;Slave_2.c: 250:     TRISCbits.TRISC2 = 1;
   902  01A7  1683               	bsf	3,5	;RP0=1, select bank1
   903  01A8  1303               	bcf	3,6	;RP1=0, select bank1
   904  01A9  1507               	bsf	7,2	;volatile
   905  01AA                     l1292:
   906                           
   907                           ;Slave_2.c: 251:     TRISCbits.TRISC1 = 1;
   908  01AA  1487               	bsf	7,1	;volatile
   909  01AB                     l1294:
   910                           
   911                           ;Slave_2.c: 252:     PR2 = 250;
   912  01AB  30FA               	movlw	250
   913  01AC  0092               	movwf	18	;volatile
   914  01AD                     l1296:
   915                           
   916                           ;Slave_2.c: 253:     CCP1CONbits.P1M = 0;
   917  01AD  303F               	movlw	-193
   918  01AE  1283               	bcf	3,5	;RP0=0, select bank0
   919  01AF  1303               	bcf	3,6	;RP1=0, select bank0
   920  01B0  0597               	andwf	23,f	;volatile
   921  01B1                     l1298:
   922                           
   923                           ;Slave_2.c: 254:     CCP1CONbits.CCP1M = 0b1100;
   924  01B1  0817               	movf	23,w	;volatile
   925  01B2  39F0               	andlw	-16
   926  01B3  380C               	iorlw	12
   927  01B4  0097               	movwf	23	;volatile
   928  01B5                     l1300:
   929                           
   930                           ;Slave_2.c: 255:     CCP2CONbits.CCP2M = 0b1100;
   931  01B5  081D               	movf	29,w	;volatile
   932  01B6  39F0               	andlw	-16
   933  01B7  380C               	iorlw	12
   934  01B8  009D               	movwf	29	;volatile
   935  01B9                     l1302:
   936                           
   937                           ;Slave_2.c: 257:     CCPR1L = 0x0f;
   938  01B9  300F               	movlw	15
   939  01BA  0095               	movwf	21	;volatile
   940  01BB                     l1304:
   941                           
   942                           ;Slave_2.c: 258:     CCPR2L = 0x0f;
   943  01BB  300F               	movlw	15
   944  01BC  009B               	movwf	27	;volatile
   945  01BD                     l1306:
   946                           
   947                           ;Slave_2.c: 259:     CCP1CONbits.DC1B = 0;
   948  01BD  30CF               	movlw	-49
   949  01BE  0597               	andwf	23,f	;volatile
   950  01BF                     l1308:
   951                           
   952                           ;Slave_2.c: 260:     CCP2CONbits.DC2B0 = 0;
   953  01BF  121D               	bcf	29,4	;volatile
   954  01C0                     l1310:
   955                           
   956                           ;Slave_2.c: 261:     CCP2CONbits.DC2B1 = 0;
   957  01C0  129D               	bcf	29,5	;volatile
   958  01C1                     l1312:
   959                           
   960                           ;Slave_2.c: 264:     PIR1bits.TMR2IF = 0;
   961  01C1  108C               	bcf	12,1	;volatile
   962  01C2                     l1314:
   963                           
   964                           ;Slave_2.c: 265:     T2CONbits.T2CKPS = 0b11;
   965  01C2  3003               	movlw	3
   966  01C3  0492               	iorwf	18,f	;volatile
   967  01C4                     l1316:
   968                           
   969                           ;Slave_2.c: 266:     T2CONbits.TMR2ON = 1;
   970  01C4  1512               	bsf	18,2	;volatile
   971  01C5                     l126:	
   972                           ;Slave_2.c: 268:     while (PIR1bits.TMR2IF == 0);
   973                           
   974  01C5  1C8C               	btfss	12,1	;volatile
   975  01C6  29C8               	goto	u491
   976  01C7  29C9               	goto	u490
   977  01C8                     u491:
   978  01C8  29C5               	goto	l126
   979  01C9                     u490:
   980  01C9                     l128:
   981                           
   982                           ;Slave_2.c: 269:     PIR1bits.TMR2IF = 0;
   983  01C9  108C               	bcf	12,1	;volatile
   984                           
   985                           ;Slave_2.c: 271:     TRISCbits.TRISC2 = 0;
   986  01CA  1683               	bsf	3,5	;RP0=1, select bank1
   987  01CB  1303               	bcf	3,6	;RP1=0, select bank1
   988  01CC  1107               	bcf	7,2	;volatile
   989                           
   990                           ;Slave_2.c: 272:     TRISCbits.TRISC1 = 0;
   991  01CD  1087               	bcf	7,1	;volatile
   992  01CE                     l129:
   993  01CE  0008               	return
   994  01CF                     __end_of_setup:
   995                           
   996                           	psect	text2
   997  01CF                     __ptext2:	
   998 ;; *************** function _I2C_Slave_Init *****************
   999 ;; Defined at:
  1000 ;;		line 100 in file "Librerias.c"
  1001 ;; Parameters:    Size  Location     Type
  1002 ;;  address         1    wreg     unsigned char 
  1003 ;; Auto vars:     Size  Location     Type
  1004 ;;  address         1    0[BANK0 ] unsigned char 
  1005 ;; Return value:  Size  Location     Type
  1006 ;;                  1    wreg      void 
  1007 ;; Registers used:
  1008 ;;		wreg
  1009 ;; Tracked objects:
  1010 ;;		On entry : 0/0
  1011 ;;		On exit  : 0/0
  1012 ;;		Unchanged: 0/0
  1013 ;; Data sizes:     COMMON   BANK0   BANK1   BANK3   BANK2
  1014 ;;      Params:         0       0       0       0       0
  1015 ;;      Locals:         0       1       0       0       0
  1016 ;;      Temps:          0       0       0       0       0
  1017 ;;      Totals:         0       1       0       0       0
  1018 ;;Total ram usage:        1 bytes
  1019 ;; Hardware stack levels used:    1
  1020 ;; Hardware stack levels required when called:    1
  1021 ;; This function calls:
  1022 ;;		Nothing
  1023 ;; This function is called by:
  1024 ;;		_setup
  1025 ;; This function uses a non-reentrant model
  1026 ;;
  1027                           
  1028                           
  1029                           ;psect for function _I2C_Slave_Init
  1030  01CF                     _I2C_Slave_Init:
  1031                           
  1032                           ;incstack = 0
  1033                           ; Regs used in _I2C_Slave_Init: [wreg]
  1034                           ;I2C_Slave_Init@address stored from wreg
  1035  01CF  1283               	bcf	3,5	;RP0=0, select bank0
  1036  01D0  1303               	bcf	3,6	;RP1=0, select bank0
  1037  01D1  00A6               	movwf	I2C_Slave_Init@address
  1038  01D2                     l1236:
  1039                           
  1040                           ;Librerias.c: 100: void I2C_Slave_Init(uint8_t address);Librerias.c: 101: {;Librerias.c:
      +                           102:     SSPADD = address;
  1041  01D2  0826               	movf	I2C_Slave_Init@address,w
  1042  01D3  1683               	bsf	3,5	;RP0=1, select bank1
  1043  01D4  1303               	bcf	3,6	;RP1=0, select bank1
  1044  01D5  0093               	movwf	19	;volatile
  1045                           
  1046                           ;Librerias.c: 103:     SSPCON = 0x36;
  1047  01D6  3036               	movlw	54
  1048  01D7  1283               	bcf	3,5	;RP0=0, select bank0
  1049  01D8  1303               	bcf	3,6	;RP1=0, select bank0
  1050  01D9  0094               	movwf	20	;volatile
  1051                           
  1052                           ;Librerias.c: 104:     SSPSTAT = 0x80;
  1053  01DA  3080               	movlw	128
  1054  01DB  1683               	bsf	3,5	;RP0=1, select bank1
  1055  01DC  1303               	bcf	3,6	;RP1=0, select bank1
  1056  01DD  0094               	movwf	20	;volatile
  1057                           
  1058                           ;Librerias.c: 105:     SSPCON2 = 0x01;
  1059  01DE  3001               	movlw	1
  1060  01DF  0091               	movwf	17	;volatile
  1061  01E0                     l1238:
  1062                           
  1063                           ;Librerias.c: 106:     TRISC3 = 1;
  1064  01E0  1587               	bsf	7,3	;volatile
  1065  01E1                     l1240:
  1066                           
  1067                           ;Librerias.c: 107:     TRISC4 = 1;
  1068  01E1  1607               	bsf	7,4	;volatile
  1069  01E2                     l1242:
  1070                           
  1071                           ;Librerias.c: 108:     GIE = 1;
  1072  01E2  178B               	bsf	11,7	;volatile
  1073  01E3                     l1244:
  1074                           
  1075                           ;Librerias.c: 109:     PEIE = 1;
  1076  01E3  170B               	bsf	11,6	;volatile
  1077  01E4                     l1246:
  1078                           
  1079                           ;Librerias.c: 110:     SSPIF = 0;
  1080  01E4  1283               	bcf	3,5	;RP0=0, select bank0
  1081  01E5  1303               	bcf	3,6	;RP1=0, select bank0
  1082  01E6  118C               	bcf	12,3	;volatile
  1083  01E7                     l1248:
  1084                           
  1085                           ;Librerias.c: 111:     SSPIE = 1;
  1086  01E7  1683               	bsf	3,5	;RP0=1, select bank1
  1087  01E8  1303               	bcf	3,6	;RP1=0, select bank1
  1088  01E9  158C               	bsf	12,3	;volatile
  1089  01EA                     l184:
  1090  01EA  0008               	return
  1091  01EB                     __end_of_I2C_Slave_Init:
  1092                           
  1093                           	psect	text3
  1094  00D6                     __ptext3:	
  1095 ;; *************** function _isr *****************
  1096 ;; Defined at:
  1097 ;;		line 70 in file "Slave_2.c"
  1098 ;; Parameters:    Size  Location     Type
  1099 ;;		None
  1100 ;; Auto vars:     Size  Location     Type
  1101 ;;		None
  1102 ;; Return value:  Size  Location     Type
  1103 ;;                  1    wreg      void 
  1104 ;; Registers used:
  1105 ;;		wreg, fsr0l, fsr0h, status,2, status,0
  1106 ;; Tracked objects:
  1107 ;;		On entry : 0/0
  1108 ;;		On exit  : 0/0
  1109 ;;		Unchanged: 0/0
  1110 ;; Data sizes:     COMMON   BANK0   BANK1   BANK3   BANK2
  1111 ;;      Params:         0       0       0       0       0
  1112 ;;      Locals:         0       0       0       0       0
  1113 ;;      Temps:          5       0       0       0       0
  1114 ;;      Totals:         5       0       0       0       0
  1115 ;;Total ram usage:        5 bytes
  1116 ;; Hardware stack levels used:    1
  1117 ;; This function calls:
  1118 ;;		Nothing
  1119 ;; This function is called by:
  1120 ;;		Interrupt level 1
  1121 ;; This function uses a non-reentrant model
  1122 ;;
  1123                           
  1124                           
  1125                           ;psect for function _isr
  1126  00D6                     _isr:
  1127  00D6                     i1l1110:
  1128                           
  1129                           ;Slave_2.c: 71:     if(PIR1bits.SSPIF == 1){
  1130  00D6  1283               	bcf	3,5	;RP0=0, select bank0
  1131  00D7  1303               	bcf	3,6	;RP1=0, select bank0
  1132  00D8  1D8C               	btfss	12,3	;volatile
  1133  00D9  28DB               	goto	u28_21
  1134  00DA  28DC               	goto	u28_20
  1135  00DB                     u28_21:
  1136  00DB  2944               	goto	i1l83
  1137  00DC                     u28_20:
  1138  00DC                     i1l1112:
  1139                           
  1140                           ;Slave_2.c: 73:         SSPCONbits.CKP = 0;
  1141  00DC  1214               	bcf	20,4	;volatile
  1142                           
  1143                           ;Slave_2.c: 75:         if ((SSPCONbits.SSPOV) || (SSPCONbits.WCOL)){
  1144  00DD  1B14               	btfsc	20,6	;volatile
  1145  00DE  28E0               	goto	u29_21
  1146  00DF  28E1               	goto	u29_20
  1147  00E0                     u29_21:
  1148  00E0  28E5               	goto	i1l1116
  1149  00E1                     u29_20:
  1150  00E1                     i1l1114:
  1151  00E1  1F94               	btfss	20,7	;volatile
  1152  00E2  28E4               	goto	u30_21
  1153  00E3  28E5               	goto	u30_20
  1154  00E4                     u30_21:
  1155  00E4  28EC               	goto	i1l1124
  1156  00E5                     u30_20:
  1157  00E5                     i1l1116:
  1158                           
  1159                           ;Slave_2.c: 76:             z = SSPBUF;
  1160  00E5  0813               	movf	19,w	;volatile
  1161  00E6  00F5               	movwf	??_isr
  1162  00E7  0875               	movf	??_isr,w
  1163  00E8  00A5               	movwf	_z
  1164  00E9                     i1l1118:
  1165                           
  1166                           ;Slave_2.c: 77:             SSPCONbits.SSPOV = 0;
  1167  00E9  1314               	bcf	20,6	;volatile
  1168  00EA                     i1l1120:
  1169                           
  1170                           ;Slave_2.c: 78:             SSPCONbits.WCOL = 0;
  1171  00EA  1394               	bcf	20,7	;volatile
  1172  00EB                     i1l1122:
  1173                           
  1174                           ;Slave_2.c: 79:             SSPCONbits.CKP = 1;
  1175  00EB  1614               	bsf	20,4	;volatile
  1176  00EC                     i1l1124:
  1177                           
  1178                           ;Slave_2.c: 82:         if(!SSPSTATbits.D_nA && !SSPSTATbits.R_nW) {
  1179  00EC  1683               	bsf	3,5	;RP0=1, select bank1
  1180  00ED  1303               	bcf	3,6	;RP1=0, select bank1
  1181  00EE  1A94               	btfsc	20,5	;volatile
  1182  00EF  28F1               	goto	u31_21
  1183  00F0  28F2               	goto	u31_20
  1184  00F1                     u31_21:
  1185  00F1  2910               	goto	i1l87
  1186  00F2                     u31_20:
  1187  00F2                     i1l1126:
  1188  00F2  1914               	btfsc	20,2	;volatile
  1189  00F3  28F5               	goto	u32_21
  1190  00F4  28F6               	goto	u32_20
  1191  00F5                     u32_21:
  1192  00F5  2910               	goto	i1l87
  1193  00F6                     u32_20:
  1194  00F6                     i1l1128:
  1195                           
  1196                           ;Slave_2.c: 84:             z = SSPBUF;
  1197  00F6  1283               	bcf	3,5	;RP0=0, select bank0
  1198  00F7  1303               	bcf	3,6	;RP1=0, select bank0
  1199  00F8  0813               	movf	19,w	;volatile
  1200  00F9  00F5               	movwf	??_isr
  1201  00FA  0875               	movf	??_isr,w
  1202  00FB  00A5               	movwf	_z
  1203  00FC                     i1l1130:
  1204                           
  1205                           ;Slave_2.c: 86:             PIR1bits.SSPIF = 0;
  1206  00FC  118C               	bcf	12,3	;volatile
  1207  00FD                     i1l1132:
  1208                           
  1209                           ;Slave_2.c: 87:             SSPCONbits.CKP = 1;
  1210  00FD  1614               	bsf	20,4	;volatile
  1211  00FE                     i1l88:	
  1212                           ;Slave_2.c: 88:             while(!SSPSTATbits.BF);
  1213                           
  1214  00FE  1683               	bsf	3,5	;RP0=1, select bank1
  1215  00FF  1303               	bcf	3,6	;RP1=0, select bank1
  1216  0100  1C14               	btfss	20,0	;volatile
  1217  0101  2903               	goto	u33_21
  1218  0102  2904               	goto	u33_20
  1219  0103                     u33_21:
  1220  0103  28FE               	goto	i1l88
  1221  0104                     u33_20:
  1222  0104                     i1l1134:
  1223                           
  1224                           ;Slave_2.c: 89:             lec = SSPBUF;
  1225  0104  1283               	bcf	3,5	;RP0=0, select bank0
  1226  0105  1303               	bcf	3,6	;RP1=0, select bank0
  1227  0106  0813               	movf	19,w	;volatile
  1228  0107  00F5               	movwf	??_isr
  1229  0108  0875               	movf	??_isr,w
  1230  0109  00A2               	movwf	_lec
  1231                           
  1232                           ;Slave_2.c: 90:             _delay((unsigned long)((250)*(8000000/4000000.0)));
  1233  010A  30A6               	movlw	166
  1234  010B  00F5               	movwf	??_isr
  1235  010C                     u63_27:
  1236  010C  0BF5               	decfsz	??_isr,f
  1237  010D  290C               	goto	u63_27
  1238  010E  0000               	nop
  1239                           
  1240                           ;Slave_2.c: 92:         }
  1241  010F  2941               	goto	i1l91
  1242  0110                     i1l87:	
  1243                           ;Slave_2.c: 93:         else if(!SSPSTATbits.D_nA && SSPSTATbits.R_nW){
  1244                           
  1245  0110  1A94               	btfsc	20,5	;volatile
  1246  0111  2913               	goto	u34_21
  1247  0112  2914               	goto	u34_20
  1248  0113                     u34_21:
  1249  0113  2941               	goto	i1l91
  1250  0114                     u34_20:
  1251  0114                     i1l1136:
  1252  0114  1D14               	btfss	20,2	;volatile
  1253  0115  2917               	goto	u35_21
  1254  0116  2918               	goto	u35_20
  1255  0117                     u35_21:
  1256  0117  2941               	goto	i1l91
  1257  0118                     u35_20:
  1258  0118                     i1l1138:
  1259                           
  1260                           ;Slave_2.c: 94:             z = SSPBUF;
  1261  0118  1283               	bcf	3,5	;RP0=0, select bank0
  1262  0119  1303               	bcf	3,6	;RP1=0, select bank0
  1263  011A  0813               	movf	19,w	;volatile
  1264  011B  00F5               	movwf	??_isr
  1265  011C  0875               	movf	??_isr,w
  1266  011D  00A5               	movwf	_z
  1267                           
  1268                           ;Slave_2.c: 97:             switch (lec) {
  1269  011E  2925               	goto	i1l1146
  1270  011F                     i1l1140:
  1271                           
  1272                           ;Slave_2.c: 99:                     SSPBUF = tem2;
  1273  011F  0821               	movf	_tem2,w
  1274  0120  0093               	movwf	19	;volatile
  1275                           
  1276                           ;Slave_2.c: 100:                     break;
  1277  0121  2935               	goto	i1l95
  1278  0122                     i1l1142:
  1279                           
  1280                           ;Slave_2.c: 102:                     SSPBUF = tem1;
  1281  0122  0874               	movf	_tem1,w
  1282  0123  0093               	movwf	19	;volatile
  1283                           
  1284                           ;Slave_2.c: 103:                     break;
  1285  0124  2935               	goto	i1l95
  1286  0125                     i1l1146:
  1287  0125  0822               	movf	_lec,w
  1288  0126  00F5               	movwf	??_isr
  1289  0127  01F6               	clrf	??_isr+1
  1290                           
  1291                           ; Switch on 2 bytes has been partitioned into a top level switch of size 1, and 1 sub-sw
      +                          itches
  1292                           ; Switch size 1, requested type "simple"
  1293                           ; Number of cases is 1, Range of values is 0 to 0
  1294                           ; switch strategies available:
  1295                           ; Name         Instructions Cycles
  1296                           ; simple_byte            4     3 (average)
  1297                           ; direct_byte           11     8 (fixed)
  1298                           ; jumptable            260     6 (fixed)
  1299                           ;	Chosen strategy is simple_byte
  1300  0128  0876               	movf	??_isr+1,w
  1301  0129  3A00               	xorlw	0	; case 0
  1302  012A  1903               	skipnz
  1303  012B  292D               	goto	i1l1392
  1304  012C  2935               	goto	i1l95
  1305  012D                     i1l1392:
  1306                           
  1307                           ; Switch size 1, requested type "simple"
  1308                           ; Number of cases is 2, Range of values is 1 to 2
  1309                           ; switch strategies available:
  1310                           ; Name         Instructions Cycles
  1311                           ; simple_byte            7     4 (average)
  1312                           ; direct_byte           17    11 (fixed)
  1313                           ; jumptable            263     9 (fixed)
  1314                           ;	Chosen strategy is simple_byte
  1315  012D  0875               	movf	??_isr,w
  1316  012E  3A01               	xorlw	1	; case 1
  1317  012F  1903               	skipnz
  1318  0130  291F               	goto	i1l1140
  1319  0131  3A03               	xorlw	3	; case 2
  1320  0132  1903               	skipnz
  1321  0133  2922               	goto	i1l1142
  1322  0134  2935               	goto	i1l95
  1323  0135                     i1l95:
  1324                           
  1325                           ;Slave_2.c: 105:             SSPCONbits.CKP = 1;
  1326  0135  1614               	bsf	20,4	;volatile
  1327  0136                     i1l1148:
  1328                           
  1329                           ;Slave_2.c: 106:             _delay((unsigned long)((250)*(8000000/4000000.0)));
  1330  0136  30A6               	movlw	166
  1331  0137  00F5               	movwf	??_isr
  1332  0138                     u64_27:
  1333  0138  0BF5               	decfsz	??_isr,f
  1334  0139  2938               	goto	u64_27
  1335  013A  0000               	nop
  1336  013B                     i1l97:	
  1337                           ;Slave_2.c: 107:             while(SSPSTATbits.BF);
  1338                           
  1339  013B  1683               	bsf	3,5	;RP0=1, select bank1
  1340  013C  1303               	bcf	3,6	;RP1=0, select bank1
  1341  013D  1814               	btfsc	20,0	;volatile
  1342  013E  2940               	goto	u36_21
  1343  013F  2941               	goto	u36_20
  1344  0140                     u36_21:
  1345  0140  293B               	goto	i1l97
  1346  0141                     u36_20:
  1347  0141                     i1l91:
  1348                           
  1349                           ;Slave_2.c: 110:         PIR1bits.SSPIF = 0;
  1350  0141  1283               	bcf	3,5	;RP0=0, select bank0
  1351  0142  1303               	bcf	3,6	;RP1=0, select bank0
  1352  0143  118C               	bcf	12,3	;volatile
  1353  0144                     i1l83:	
  1354                           ;Slave_2.c: 111:     }
  1355                           
  1356                           
  1357                           ;Slave_2.c: 114:     if (PIR1bits.ADIF) {
  1358  0144  1F0C               	btfss	12,6	;volatile
  1359  0145  2947               	goto	u37_21
  1360  0146  2948               	goto	u37_20
  1361  0147                     u37_21:
  1362  0147  2961               	goto	i1l103
  1363  0148                     u37_20:
  1364  0148                     i1l1150:
  1365                           
  1366                           ;Slave_2.c: 115:         if (ADCON0bits.CHS == 0) {
  1367  0148  0C1F               	rrf	31,w	;volatile
  1368  0149  00F5               	movwf	??_isr
  1369  014A  0C75               	rrf	??_isr,w
  1370  014B  390F               	andlw	15
  1371  014C  3A00               	xorlw	0
  1372  014D  1D03               	skipz
  1373  014E  2950               	goto	u38_21
  1374  014F  2951               	goto	u38_20
  1375  0150                     u38_21:
  1376  0150  295E               	goto	i1l1154
  1377  0151                     u38_20:
  1378  0151                     i1l1152:
  1379                           
  1380                           ;Slave_2.c: 116:             tem1 = ADRESH;
  1381  0151  081E               	movf	30,w	;volatile
  1382  0152  00F5               	movwf	??_isr
  1383  0153  0875               	movf	??_isr,w
  1384  0154  00F4               	movwf	_tem1
  1385                           
  1386                           ;Slave_2.c: 117:             tem2 = ADRESL;
  1387  0155  1683               	bsf	3,5	;RP0=1, select bank1
  1388  0156  1303               	bcf	3,6	;RP1=0, select bank1
  1389  0157  081E               	movf	30,w	;volatile
  1390  0158  00F5               	movwf	??_isr
  1391  0159  0875               	movf	??_isr,w
  1392  015A  1283               	bcf	3,5	;RP0=0, select bank0
  1393  015B  1303               	bcf	3,6	;RP1=0, select bank0
  1394  015C  00A1               	movwf	_tem2
  1395                           
  1396                           ;Slave_2.c: 118:         }
  1397  015D  2960               	goto	i1l1156
  1398  015E                     i1l1154:
  1399                           
  1400                           ;Slave_2.c: 121:             PORTD = ADRESH;
  1401  015E  081E               	movf	30,w	;volatile
  1402  015F  0088               	movwf	8	;volatile
  1403  0160                     i1l1156:
  1404                           
  1405                           ;Slave_2.c: 124:         PIR1bits.ADIF = 0;
  1406  0160  130C               	bcf	12,6	;volatile
  1407  0161                     i1l103:
  1408  0161  0879               	movf	??_isr+4,w
  1409  0162  008A               	movwf	10
  1410  0163  0878               	movf	??_isr+3,w
  1411  0164  0084               	movwf	4
  1412  0165  0E77               	swapf	??_isr+2,w
  1413  0166  0083               	movwf	3
  1414  0167  0EFE               	swapf	btemp,f
  1415  0168  0E7E               	swapf	btemp,w
  1416  0169  0009               	retfie
  1417  016A                     __end_of_isr:
  1418  007E                     btemp	set	126	;btemp
  1419  007E                     wtemp0	set	126
  1420                           
  1421                           	psect	intentry
  1422  0004                     __pintentry:	
  1423                           ;incstack = 0
  1424                           ; Regs used in _isr: [wreg-fsr0h+status,2+status,0]
  1425                           
  1426  0004                     interrupt_function:
  1427  007E                     saved_w	set	btemp
  1428  0004  00FE               	movwf	btemp
  1429  0005  0E03               	swapf	3,w
  1430  0006  00F7               	movwf	??_isr+2
  1431  0007  0804               	movf	4,w
  1432  0008  00F8               	movwf	??_isr+3
  1433  0009  080A               	movf	10,w
  1434  000A  00F9               	movwf	??_isr+4
  1435  000B  120A  118A  28D6   	ljmp	_isr
  1436                           
  1437                           	psect	config
  1438                           
  1439                           ;Config register CONFIG1 @ 0x2007
  1440                           ;	Oscillator Selection bits
  1441                           ;	FOSC = INTRC_NOCLKOUT, INTOSCIO oscillator: I/O function on RA6/OSC2/CLKOUT pin, I/O f
      +                          unction on RA7/OSC1/CLKIN
  1442                           ;	Watchdog Timer Enable bit
  1443                           ;	WDTE = OFF, WDT disabled and can be enabled by SWDTEN bit of the WDTCON register
  1444                           ;	Power-up Timer Enable bit
  1445                           ;	PWRTE = OFF, PWRT disabled
  1446                           ;	RE3/MCLR pin function select bit
  1447                           ;	MCLRE = OFF, RE3/MCLR pin function is digital input, MCLR internally tied to VDD
  1448                           ;	Code Protection bit
  1449                           ;	CP = OFF, Program memory code protection is disabled
  1450                           ;	Data Code Protection bit
  1451                           ;	CPD = OFF, Data memory code protection is disabled
  1452                           ;	Brown Out Reset Selection bits
  1453                           ;	BOREN = OFF, BOR disabled
  1454                           ;	Internal External Switchover bit
  1455                           ;	IESO = OFF, Internal/External Switchover mode is disabled
  1456                           ;	Fail-Safe Clock Monitor Enabled bit
  1457                           ;	FCMEN = OFF, Fail-Safe Clock Monitor is disabled
  1458                           ;	Low Voltage Programming Enable bit
  1459                           ;	LVP = OFF, RB3 pin has digital I/O, HV on MCLR must be used for programming
  1460                           ;	In-Circuit Debugger Mode bit
  1461                           ;	DEBUG = 0x1, unprogrammed default
  1462  2007                     	org	8199
  1463  2007  20D4               	dw	8404
  1464                           
  1465                           ;Config register CONFIG2 @ 0x2008
  1466                           ;	Brown-out Reset Selection bit
  1467                           ;	BOR4V = BOR40V, Brown-out Reset set to 4.0V
  1468                           ;	Flash Program Memory Self Write Enable bits
  1469                           ;	WRT = OFF, Write protection off
  1470  2008                     	org	8200
  1471  2008  3FFF               	dw	16383

Data Sizes:
    Strings     0
    Constant    0
    Data        0
    BSS         11
    Persistent  0
    Stack       0

Auto Spaces:
    Space          Size  Autos    Used
    COMMON           14      5      10
    BANK0            80      4      10
    BANK1            80      0       0
    BANK3            96      0       0
    BANK2            96      0       0

Pointer List with Targets:

    None.

Critical Paths under _main in COMMON

    None.

Critical Paths under _isr in COMMON

    None.

Critical Paths under _main in BANK0

    _main->_setup
    _setup->_I2C_Slave_Init

Critical Paths under _isr in BANK0

    None.

Critical Paths under _main in BANK1

    None.

Critical Paths under _isr in BANK1

    None.

Critical Paths under _main in BANK3

    None.

Critical Paths under _isr in BANK3

    None.

Critical Paths under _main in BANK2

    None.

Critical Paths under _isr in BANK2

    None.

Call Graph Tables:

 ---------------------------------------------------------------------------------
 (Depth) Function   	        Calls       Base Space   Used Autos Params    Refs
 ---------------------------------------------------------------------------------
 (0) _main                                                 2     2      0      31
                                              2 BANK0      2     2      0
                              _setup
 ---------------------------------------------------------------------------------
 (1) _setup                                                1     1      0      31
                                              1 BANK0      1     1      0
                     _I2C_Slave_Init
 ---------------------------------------------------------------------------------
 (2) _I2C_Slave_Init                                       1     1      0      31
                                              0 BANK0      1     1      0
 ---------------------------------------------------------------------------------
 Estimated maximum stack depth 2
 ---------------------------------------------------------------------------------
 (Depth) Function   	        Calls       Base Space   Used Autos Params    Refs
 ---------------------------------------------------------------------------------
 (3) _isr                                                  5     5      0       0
                                              0 COMMON     5     5      0
 ---------------------------------------------------------------------------------
 Estimated maximum stack depth 3
 ---------------------------------------------------------------------------------

 Call Graph Graphs:

 _main (ROOT)
   _setup
     _I2C_Slave_Init

 _isr (ROOT)

 Address spaces:
Name               Size   Autos  Total    Cost      Usage
BITCOMMON            E      0       0       0        0.0%
EEDATA             100      0       0       0        0.0%
NULL                 0      0       0       0        0.0%
CODE                 0      0       0       0        0.0%
COMMON               E      5       A       1       71.4%
BITSFR0              0      0       0       1        0.0%
SFR0                 0      0       0       1        0.0%
BITSFR1              0      0       0       2        0.0%
SFR1                 0      0       0       2        0.0%
STACK                0      0       0       2        0.0%
ABS                  0      0      14       3        0.0%
BITBANK0            50      0       0       4        0.0%
BITSFR3              0      0       0       4        0.0%
SFR3                 0      0       0       4        0.0%
BANK0               50      4       A       5       12.5%
BITSFR2              0      0       0       5        0.0%
SFR2                 0      0       0       5        0.0%
BITBANK1            50      0       0       6        0.0%
BANK1               50      0       0       7        0.0%
BITBANK3            60      0       0       8        0.0%
BANK3               60      0       0       9        0.0%
BITBANK2            60      0       0      10        0.0%
BANK2               60      0       0      11        0.0%
DATA                 0      0      14      12        0.0%


Microchip Technology PIC Macro Assembler V2.31 build 20201012212115 
Symbol Table                                                                                   Sun Sep 05 18:00:51 2021

                      _z 0025              _SSPSTATbits 0094                      l113 00AC  
                    l117 00AC                      l126 01C5                      l128 01C9  
                    l129 01CE                      l184 01EA                      _GIE 005F  
                    u500 002E                      u501 002D                      u510 0037  
                    _PR2 0092                      u511 0036                      u520 0062  
                    u521 0061                      u530 006B                      u531 006A  
                    u540 0079                      u541 0078                      u550 0082  
                    u551 0081                      u607 0042                      u560 0090  
                    u617 019A                      u561 008F                      u490 01C9  
                    u570 0099                      u491 01C8                      u627 01A4  
                    u571 0098                      u580 00A7                      u581 00A6  
                    u595 00C1                      _adc 0023                      _lec 0022  
                    _isr 00D6                      fsr0 0004                     l1300 01B5  
                   l1310 01C0                     l1302 01B9                     l1240 01E1  
                   l1312 01C1                     l1304 01BB                     l1320 0027  
                   l1242 01E2                     l1314 01C2                     l1306 01BD  
                   l1250 016A                     l1330 003E                     l1322 002A  
                   l1244 01E3                     l1236 01D2                     l1316 01C4  
                   l1308 01BF                     l1260 0183                     l1252 016E  
                   l1332 0045                     l1324 002E                     l1246 01E4  
                   l1238 01E0                     l1270 0188                     l1262 0184  
                   l1254 016F                     l1350 0079                     l1342 0059  
                   l1326 0037                     l1334 0048                     l1318 0022  
                   l1248 01E7                     l1280 0191                     l1272 0189  
                   l1264 0185                     l1256 017A                     l1360 009E  
                   l1352 0082                     l1344 0062                     l1336 0052  
                   l1328 003C                     l1290 01A7                     l1282 0194  
                   l1274 018C                     l1266 0186                     l1258 0180  
                   l1370 00D1                     l1362 00A7                     l1354 0087  
                   l1346 006B                     l1292 01AA                     l1284 0196  
                   l1276 018F                     l1268 0187                     l1364 00B4  
                   l1356 0090                     l1348 0070                     l1294 01AB  
                   l1286 019D                     l1278 0190                     l1366 00BE  
                   l1358 0099                     l1296 01AD                     l1288 01A0  
                   l1368 00D0                     l1298 01B1                     ?_isr 0075  
                   _PEIE 005E                     i1l91 0141                     i1l83 0144  
                   i1l95 0135                     i1l87 0110                     i1l88 00FE  
                   i1l97 013B                     _lec1 0070                     _dato 0024  
                   _main 0022                     _tem1 0074                     _tem2 0021  
                   btemp 007E                     start 000E                    ??_isr 0075  
                  ?_main 0075                    _ANSEL 0188                    i1l103 0161  
                  u30_20 00E5                    u30_21 00E4                    u31_20 00F2  
                  u31_21 00F1                    u32_20 00F6                    u32_21 00F5  
                  u33_20 0104                    u33_21 0103                    u34_20 0114  
                  u34_21 0113                    u35_20 0118                    u35_21 0117  
                  _PORTA 0005                    _PORTB 0006                    _PORTD 0008  
                  u36_20 0141                    u28_20 00DC                    u36_21 0140  
                  u28_21 00DB                    u37_20 0148                    u29_20 00E1  
                  u37_21 0147                    u29_21 00E0                    u38_20 0151  
                  u38_21 0150                    u63_27 010C                    u64_27 0138  
                  _TRISA 0085                    _TRISB 0086                    _TRISD 0088  
                  _SSPIE 0463                    _SSPIF 0063                    _speed 0073  
                  _setup 016A                    pclath 000A                    status 0003  
                  wtemp0 007E          __initialization 0011             __end_of_main 00D6  
                 ??_main 0028                   _ADRESH 001E                   _ADRESL 009E  
                 _CCPR1L 0015                   _CCPR2L 001B                   ?_setup 0075  
                 _ANSELH 0189                   i1l1110 00D6                   i1l1120 00EA  
                 i1l1112 00DC                   i1l1130 00FC                   i1l1122 00EB  
                 i1l1114 00E1                   i1l1140 011F                   i1l1132 00FD  
                 i1l1124 00EC                   i1l1116 00E5                   i1l1150 0148  
                 i1l1142 0122                   i1l1134 0104                   i1l1126 00F2  
                 i1l1118 00E9                   i1l1152 0151                   i1l1136 0114  
                 i1l1128 00F6                   i1l1154 015E                   i1l1146 0125  
                 i1l1138 0118                   i1l1156 0160                   i1l1148 0136  
                 i1l1392 012D                   _SSPADD 0093                   _TRISC3 043B  
                 _TRISC4 043C                   _SSPBUF 0013                   _SSPCON 0014  
                 _torque 0072                   saved_w 007E  __end_of__initialization 001E  
         __pcstackCOMMON 0075  __size_of_I2C_Slave_Init 001C            __end_of_setup 01CF  
                ??_setup 0027    I2C_Slave_Init@address 0026               __pbssBANK0 0020  
             __pmaintext 0022               __pintentry 0004                  _SSPCON2 0091  
                _SSPSTAT 0094                  __ptext1 016A                  __ptext2 01CF  
                __ptext3 00D6                  _counter 0020                _T2CONbits 0012  
           __size_of_isr 0094     end_of_initialization 001E           _I2C_Slave_Init 01CF  
              _TRISCbits 0087              _CCP1CONbits 0017              _CCP2CONbits 001D  
 __end_of_I2C_Slave_Init 01EB      start_initialization 0011              __end_of_isr 016A  
        ?_I2C_Slave_Init 0075              __pbssCOMMON 0070                ___latbits 0002  
          __pcstackBANK0 0026           __size_of_setup 0065        interrupt_function 0004  
               _PIE1bits 008C                 _PIR1bits 000C               _ADCON0bits 001F  
             _ADCON1bits 009F         ??_I2C_Slave_Init 0026            __size_of_main 00B4  
             _INTCONbits 000B                 intlevel1 0000               _OSCCONbits 008F  
            _SSPCON2bits 0091               _SSPCONbits 0014  
