

Microchip MPLAB XC8 Assembler V2.31 build 20201012212115 
                                                                                               Sun Sep 05 22:51:02 2021

Microchip MPLAB XC8 C Compiler v2.31 (Free license) build 20201012212115 Og1 
     1                           	processor	16F887
     2                           	pagewidth 120
     3                           	opt	flic
     4                           	psect	cinit,global,class=CODE,merge=1,delta=2
     5                           	psect	bssCOMMON,global,class=COMMON,space=1,delta=1,noexec
     6                           	psect	bssBANK0,global,class=BANK0,space=1,delta=1,noexec
     7                           	psect	clrtext,global,class=CODE,delta=2
     8                           	psect	cstackCOMMON,global,class=COMMON,space=1,delta=1,noexec
     9                           	psect	cstackBANK0,global,class=BANK0,space=1,delta=1,noexec
    10                           	psect	maintext,global,class=CODE,split=1,delta=2
    11                           	psect	text1,local,class=CODE,merge=1,delta=2
    12                           	psect	text2,local,class=CODE,merge=1,delta=2
    13                           	psect	text3,local,class=CODE,merge=1,delta=2
    14                           	psect	text4,local,class=CODE,merge=1,delta=2
    15                           	psect	text5,local,class=CODE,merge=1,delta=2
    16                           	psect	text6,local,class=CODE,merge=1,delta=2
    17                           	psect	intentry,global,class=CODE,delta=2
    18                           	psect	config,global,abs,ovrld,class=CONFIG,space=4,delta=2,noexec
    19                           	dabs	1,0x7E,2
    20  0000                     
    21                           ; Version 2.20
    22                           ; Generated 12/02/2020 GMT
    23                           ; 
    24                           ; Copyright © 2020, Microchip Technology Inc. and its subsidiaries ("Microchip")
    25                           ; All rights reserved.
    26                           ; 
    27                           ; This software is developed by Microchip Technology Inc. and its subsidiaries ("Microch
      +                          ip").
    28                           ; 
    29                           ; Redistribution and use in source and binary forms, with or without modification, are
    30                           ; permitted provided that the following conditions are met:
    31                           ; 
    32                           ;     1. Redistributions of source code must retain the above copyright notice, this lis
      +                          t of
    33                           ;        conditions and the following disclaimer.
    34                           ; 
    35                           ;     2. Redistributions in binary form must reproduce the above copyright notice, this 
      +                          list
    36                           ;        of conditions and the following disclaimer in the documentation and/or other
    37                           ;        materials provided with the distribution.
    38                           ; 
    39                           ;     3. Microchip's name may not be used to endorse or promote products derived from th
      +                          is
    40                           ;        software without specific prior written permission.
    41                           ; 
    42                           ; THIS SOFTWARE IS PROVIDED BY MICROCHIP "AS IS" AND ANY EXPRESS OR IMPLIED WARRANTIES,
    43                           ; INCLUDING, BUT NOT LIMITED TO, THE IMPLIED WARRANTIES OF MERCHANTABILITY AND FITNESS F
      +                          OR
    44                           ; PURPOSE ARE DISCLAIMED.  IN NO EVENT SHALL MICROCHIP BE LIABLE FOR ANY DIRECT, INDIREC
      +                          T,
    45                           ; INCIDENTAL, SPECIAL, EXEMPLARY, OR CONSEQUENTIAL DAMAGES (INCLUDING BUT NOT LIMITED TO
    46                           ; PROCUREMENT OF SUBSTITUTE GOODS OR SERVICES; LOSS OF USE, DATA OR PROFITS; OR BUSINESS
    47                           ; INTERRUPTION) HOWSOEVER CAUSED AND ON ANY THEORY OF LIABILITY, WHETHER IN CONTRACT, ST
      +                          RICT
    48                           ; LIABILITY, OR TORT (INCLUDING NEGLIGENCE OR OTHERWISE) ARISING IN ANY WAY OUT OF THE U
      +                          SE OF
    49                           ; THIS SOFTWARE, EVEN IF ADVISED OF THE POSSIBILITY OF SUCH DAMAGE.
    50                           ; 
    51                           ; 
    52                           ; Code-generator required, PIC16F887 Definitions
    53                           ; 
    54                           ; SFR Addresses
    55  0000                     	;# 
    56  0001                     	;# 
    57  0002                     	;# 
    58  0003                     	;# 
    59  0004                     	;# 
    60  0005                     	;# 
    61  0006                     	;# 
    62  0007                     	;# 
    63  0008                     	;# 
    64  0009                     	;# 
    65  000A                     	;# 
    66  000B                     	;# 
    67  000C                     	;# 
    68  000D                     	;# 
    69  000E                     	;# 
    70  000E                     	;# 
    71  000F                     	;# 
    72  0010                     	;# 
    73  0011                     	;# 
    74  0012                     	;# 
    75  0013                     	;# 
    76  0014                     	;# 
    77  0015                     	;# 
    78  0015                     	;# 
    79  0016                     	;# 
    80  0017                     	;# 
    81  0018                     	;# 
    82  0019                     	;# 
    83  001A                     	;# 
    84  001B                     	;# 
    85  001B                     	;# 
    86  001C                     	;# 
    87  001D                     	;# 
    88  001E                     	;# 
    89  001F                     	;# 
    90  0081                     	;# 
    91  0085                     	;# 
    92  0086                     	;# 
    93  0087                     	;# 
    94  0088                     	;# 
    95  0089                     	;# 
    96  008C                     	;# 
    97  008D                     	;# 
    98  008E                     	;# 
    99  008F                     	;# 
   100  0090                     	;# 
   101  0091                     	;# 
   102  0092                     	;# 
   103  0093                     	;# 
   104  0093                     	;# 
   105  0093                     	;# 
   106  0094                     	;# 
   107  0095                     	;# 
   108  0096                     	;# 
   109  0097                     	;# 
   110  0098                     	;# 
   111  0099                     	;# 
   112  009A                     	;# 
   113  009B                     	;# 
   114  009C                     	;# 
   115  009D                     	;# 
   116  009E                     	;# 
   117  009F                     	;# 
   118  0105                     	;# 
   119  0107                     	;# 
   120  0108                     	;# 
   121  0109                     	;# 
   122  010C                     	;# 
   123  010C                     	;# 
   124  010D                     	;# 
   125  010E                     	;# 
   126  010F                     	;# 
   127  0185                     	;# 
   128  0187                     	;# 
   129  0188                     	;# 
   130  0189                     	;# 
   131  018C                     	;# 
   132  018D                     	;# 
   133  0000                     	;# 
   134  0001                     	;# 
   135  0002                     	;# 
   136  0003                     	;# 
   137  0004                     	;# 
   138  0005                     	;# 
   139  0006                     	;# 
   140  0007                     	;# 
   141  0008                     	;# 
   142  0009                     	;# 
   143  000A                     	;# 
   144  000B                     	;# 
   145  000C                     	;# 
   146  000D                     	;# 
   147  000E                     	;# 
   148  000E                     	;# 
   149  000F                     	;# 
   150  0010                     	;# 
   151  0011                     	;# 
   152  0012                     	;# 
   153  0013                     	;# 
   154  0014                     	;# 
   155  0015                     	;# 
   156  0015                     	;# 
   157  0016                     	;# 
   158  0017                     	;# 
   159  0018                     	;# 
   160  0019                     	;# 
   161  001A                     	;# 
   162  001B                     	;# 
   163  001B                     	;# 
   164  001C                     	;# 
   165  001D                     	;# 
   166  001E                     	;# 
   167  001F                     	;# 
   168  0081                     	;# 
   169  0085                     	;# 
   170  0086                     	;# 
   171  0087                     	;# 
   172  0088                     	;# 
   173  0089                     	;# 
   174  008C                     	;# 
   175  008D                     	;# 
   176  008E                     	;# 
   177  008F                     	;# 
   178  0090                     	;# 
   179  0091                     	;# 
   180  0092                     	;# 
   181  0093                     	;# 
   182  0093                     	;# 
   183  0093                     	;# 
   184  0094                     	;# 
   185  0095                     	;# 
   186  0096                     	;# 
   187  0097                     	;# 
   188  0098                     	;# 
   189  0099                     	;# 
   190  009A                     	;# 
   191  009B                     	;# 
   192  009C                     	;# 
   193  009D                     	;# 
   194  009E                     	;# 
   195  009F                     	;# 
   196  0105                     	;# 
   197  0107                     	;# 
   198  0108                     	;# 
   199  0109                     	;# 
   200  010C                     	;# 
   201  010C                     	;# 
   202  010D                     	;# 
   203  010E                     	;# 
   204  010F                     	;# 
   205  0185                     	;# 
   206  0187                     	;# 
   207  0188                     	;# 
   208  0189                     	;# 
   209  018C                     	;# 
   210  018D                     	;# 
   211  0000                     	;# 
   212  0001                     	;# 
   213  0002                     	;# 
   214  0003                     	;# 
   215  0004                     	;# 
   216  0005                     	;# 
   217  0006                     	;# 
   218  0007                     	;# 
   219  0008                     	;# 
   220  0009                     	;# 
   221  000A                     	;# 
   222  000B                     	;# 
   223  000C                     	;# 
   224  000D                     	;# 
   225  000E                     	;# 
   226  000E                     	;# 
   227  000F                     	;# 
   228  0010                     	;# 
   229  0011                     	;# 
   230  0012                     	;# 
   231  0013                     	;# 
   232  0014                     	;# 
   233  0015                     	;# 
   234  0015                     	;# 
   235  0016                     	;# 
   236  0017                     	;# 
   237  0018                     	;# 
   238  0019                     	;# 
   239  001A                     	;# 
   240  001B                     	;# 
   241  001B                     	;# 
   242  001C                     	;# 
   243  001D                     	;# 
   244  001E                     	;# 
   245  001F                     	;# 
   246  0081                     	;# 
   247  0085                     	;# 
   248  0086                     	;# 
   249  0087                     	;# 
   250  0088                     	;# 
   251  0089                     	;# 
   252  008C                     	;# 
   253  008D                     	;# 
   254  008E                     	;# 
   255  008F                     	;# 
   256  0090                     	;# 
   257  0091                     	;# 
   258  0092                     	;# 
   259  0093                     	;# 
   260  0093                     	;# 
   261  0093                     	;# 
   262  0094                     	;# 
   263  0095                     	;# 
   264  0096                     	;# 
   265  0097                     	;# 
   266  0098                     	;# 
   267  0099                     	;# 
   268  009A                     	;# 
   269  009B                     	;# 
   270  009C                     	;# 
   271  009D                     	;# 
   272  009E                     	;# 
   273  009F                     	;# 
   274  0105                     	;# 
   275  0107                     	;# 
   276  0108                     	;# 
   277  0109                     	;# 
   278  010C                     	;# 
   279  010C                     	;# 
   280  010D                     	;# 
   281  010E                     	;# 
   282  010F                     	;# 
   283  0185                     	;# 
   284  0187                     	;# 
   285  0188                     	;# 
   286  0189                     	;# 
   287  018C                     	;# 
   288  018D                     	;# 
   289  0000                     	;# 
   290  0001                     	;# 
   291  0002                     	;# 
   292  0003                     	;# 
   293  0004                     	;# 
   294  0005                     	;# 
   295  0006                     	;# 
   296  0007                     	;# 
   297  0008                     	;# 
   298  0009                     	;# 
   299  000A                     	;# 
   300  000B                     	;# 
   301  000C                     	;# 
   302  000D                     	;# 
   303  000E                     	;# 
   304  000E                     	;# 
   305  000F                     	;# 
   306  0010                     	;# 
   307  0011                     	;# 
   308  0012                     	;# 
   309  0013                     	;# 
   310  0014                     	;# 
   311  0015                     	;# 
   312  0015                     	;# 
   313  0016                     	;# 
   314  0017                     	;# 
   315  0018                     	;# 
   316  0019                     	;# 
   317  001A                     	;# 
   318  001B                     	;# 
   319  001B                     	;# 
   320  001C                     	;# 
   321  001D                     	;# 
   322  001E                     	;# 
   323  001F                     	;# 
   324  0081                     	;# 
   325  0085                     	;# 
   326  0086                     	;# 
   327  0087                     	;# 
   328  0088                     	;# 
   329  0089                     	;# 
   330  008C                     	;# 
   331  008D                     	;# 
   332  008E                     	;# 
   333  008F                     	;# 
   334  0090                     	;# 
   335  0091                     	;# 
   336  0092                     	;# 
   337  0093                     	;# 
   338  0093                     	;# 
   339  0093                     	;# 
   340  0094                     	;# 
   341  0095                     	;# 
   342  0096                     	;# 
   343  0097                     	;# 
   344  0098                     	;# 
   345  0099                     	;# 
   346  009A                     	;# 
   347  009B                     	;# 
   348  009C                     	;# 
   349  009D                     	;# 
   350  009E                     	;# 
   351  009F                     	;# 
   352  0105                     	;# 
   353  0107                     	;# 
   354  0108                     	;# 
   355  0109                     	;# 
   356  010C                     	;# 
   357  010C                     	;# 
   358  010D                     	;# 
   359  010E                     	;# 
   360  010F                     	;# 
   361  0185                     	;# 
   362  0187                     	;# 
   363  0188                     	;# 
   364  0189                     	;# 
   365  018C                     	;# 
   366  018D                     	;# 
   367  0000                     	;# 
   368  0001                     	;# 
   369  0002                     	;# 
   370  0003                     	;# 
   371  0004                     	;# 
   372  0005                     	;# 
   373  0006                     	;# 
   374  0007                     	;# 
   375  0008                     	;# 
   376  0009                     	;# 
   377  000A                     	;# 
   378  000B                     	;# 
   379  000C                     	;# 
   380  000D                     	;# 
   381  000E                     	;# 
   382  000E                     	;# 
   383  000F                     	;# 
   384  0010                     	;# 
   385  0011                     	;# 
   386  0012                     	;# 
   387  0013                     	;# 
   388  0014                     	;# 
   389  0015                     	;# 
   390  0015                     	;# 
   391  0016                     	;# 
   392  0017                     	;# 
   393  0018                     	;# 
   394  0019                     	;# 
   395  001A                     	;# 
   396  001B                     	;# 
   397  001B                     	;# 
   398  001C                     	;# 
   399  001D                     	;# 
   400  001E                     	;# 
   401  001F                     	;# 
   402  0081                     	;# 
   403  0085                     	;# 
   404  0086                     	;# 
   405  0087                     	;# 
   406  0088                     	;# 
   407  0089                     	;# 
   408  008C                     	;# 
   409  008D                     	;# 
   410  008E                     	;# 
   411  008F                     	;# 
   412  0090                     	;# 
   413  0091                     	;# 
   414  0092                     	;# 
   415  0093                     	;# 
   416  0093                     	;# 
   417  0093                     	;# 
   418  0094                     	;# 
   419  0095                     	;# 
   420  0096                     	;# 
   421  0097                     	;# 
   422  0098                     	;# 
   423  0099                     	;# 
   424  009A                     	;# 
   425  009B                     	;# 
   426  009C                     	;# 
   427  009D                     	;# 
   428  009E                     	;# 
   429  009F                     	;# 
   430  0105                     	;# 
   431  0107                     	;# 
   432  0108                     	;# 
   433  0109                     	;# 
   434  010C                     	;# 
   435  010C                     	;# 
   436  010D                     	;# 
   437  010E                     	;# 
   438  010F                     	;# 
   439  0185                     	;# 
   440  0187                     	;# 
   441  0188                     	;# 
   442  0189                     	;# 
   443  018C                     	;# 
   444  018D                     	;# 
   445  0000                     	;# 
   446  0001                     	;# 
   447  0002                     	;# 
   448  0003                     	;# 
   449  0004                     	;# 
   450  0005                     	;# 
   451  0006                     	;# 
   452  0007                     	;# 
   453  0008                     	;# 
   454  0009                     	;# 
   455  000A                     	;# 
   456  000B                     	;# 
   457  000C                     	;# 
   458  000D                     	;# 
   459  000E                     	;# 
   460  000E                     	;# 
   461  000F                     	;# 
   462  0010                     	;# 
   463  0011                     	;# 
   464  0012                     	;# 
   465  0013                     	;# 
   466  0014                     	;# 
   467  0015                     	;# 
   468  0015                     	;# 
   469  0016                     	;# 
   470  0017                     	;# 
   471  0018                     	;# 
   472  0019                     	;# 
   473  001A                     	;# 
   474  001B                     	;# 
   475  001B                     	;# 
   476  001C                     	;# 
   477  001D                     	;# 
   478  001E                     	;# 
   479  001F                     	;# 
   480  0081                     	;# 
   481  0085                     	;# 
   482  0086                     	;# 
   483  0087                     	;# 
   484  0088                     	;# 
   485  0089                     	;# 
   486  008C                     	;# 
   487  008D                     	;# 
   488  008E                     	;# 
   489  008F                     	;# 
   490  0090                     	;# 
   491  0091                     	;# 
   492  0092                     	;# 
   493  0093                     	;# 
   494  0093                     	;# 
   495  0093                     	;# 
   496  0094                     	;# 
   497  0095                     	;# 
   498  0096                     	;# 
   499  0097                     	;# 
   500  0098                     	;# 
   501  0099                     	;# 
   502  009A                     	;# 
   503  009B                     	;# 
   504  009C                     	;# 
   505  009D                     	;# 
   506  009E                     	;# 
   507  009F                     	;# 
   508  0105                     	;# 
   509  0107                     	;# 
   510  0108                     	;# 
   511  0109                     	;# 
   512  010C                     	;# 
   513  010C                     	;# 
   514  010D                     	;# 
   515  010E                     	;# 
   516  010F                     	;# 
   517  0185                     	;# 
   518  0187                     	;# 
   519  0188                     	;# 
   520  0189                     	;# 
   521  018C                     	;# 
   522  018D                     	;# 
   523  0014                     _SSPCON	set	20
   524  001F                     _ADCON0bits	set	31
   525  0009                     _PORTEbits	set	9
   526  0010                     _T1CON	set	16
   527  0009                     _PORTE	set	9
   528  0008                     _PORTD	set	8
   529  0006                     _PORTB	set	6
   530  0005                     _PORTA	set	5
   531  0013                     _SSPBUF	set	19
   532  0014                     _SSPCONbits	set	20
   533  000C                     _PIR1bits	set	12
   534  0010                     _T1CONbits	set	16
   535  000E                     _TMR1L	set	14
   536  000F                     _TMR1H	set	15
   537  0063                     _SSPIF	set	99
   538  005E                     _PEIE	set	94
   539  005F                     _GIE	set	95
   540  0028                     _RA0	set	40
   541  0091                     _SSPCON2bits	set	145
   542  0087                     _TRISCbits	set	135
   543  0094                     _SSPSTAT	set	148
   544  0093                     _SSPADD	set	147
   545  0091                     _SSPCON2	set	145
   546  009F                     _ADCON1bits	set	159
   547  008C                     _PIE1bits	set	140
   548  008F                     _OSCCONbits	set	143
   549  0089                     _TRISE	set	137
   550  0088                     _TRISD	set	136
   551  0086                     _TRISB	set	134
   552  0085                     _TRISA	set	133
   553  0094                     _SSPSTATbits	set	148
   554  0085                     _TRISAbits	set	133
   555  0463                     _SSPIE	set	1123
   556  043C                     _TRISC4	set	1084
   557  043B                     _TRISC3	set	1083
   558  04A0                     _BF	set	1184
   559  0189                     _ANSELHbits	set	393
   560  0188                     _ANSELbits	set	392
   561  0189                     _ANSELH	set	393
   562  0188                     _ANSEL	set	392
   563                           
   564                           	psect	cinit
   565  000F                     start_initialization:	
   566                           ; #config settings
   567                           
   568  000F                     __initialization:
   569                           
   570                           ; Clear objects allocated to COMMON
   571  000F  01F7               	clrf	__pbssCOMMON& (0+127)
   572  0010  01F8               	clrf	(__pbssCOMMON+1)& (0+127)
   573  0011  01F9               	clrf	(__pbssCOMMON+2)& (0+127)
   574  0012  01FA               	clrf	(__pbssCOMMON+3)& (0+127)
   575                           
   576                           ; Clear objects allocated to BANK0
   577  0013  1383               	bcf	3,7	;select IRP bank0
   578  0014  3020               	movlw	low __pbssBANK0
   579  0015  0084               	movwf	4
   580  0016  304A               	movlw	low (__pbssBANK0+42)
   581  0017  120A  118A  2181  120A  118A  	fcall	clear_ram0
   582  001C                     end_of_initialization:	
   583                           ;End of C runtime variable initialization code
   584                           
   585  001C                     __end_of__initialization:
   586  001C  0183               	clrf	3
   587  001D  120A  118A  2885   	ljmp	_main	;jump to C main() function
   588                           
   589                           	psect	bssCOMMON
   590  0077                     __pbssCOMMON:
   591  0077                     _dummyHum1:
   592  0077                     	ds	1
   593  0078                     _Hum1:
   594  0078                     	ds	1
   595  0079                     _dummyT1:
   596  0079                     	ds	1
   597  007A                     _Temp1:
   598  007A                     	ds	1
   599                           
   600                           	psect	bssBANK0
   601  0020                     __pbssBANK0:
   602  0020                     _humedad:
   603  0020                     	ds	10
   604  002A                     _temperatura:
   605  002A                     	ds	10
   606  0034                     _bits:
   607  0034                     	ds	10
   608  003E                     _conv1:
   609  003E                     	ds	4
   610  0042                     _conv0:
   611  0042                     	ds	4
   612  0046                     _lectura:
   613  0046                     	ds	1
   614  0047                     _z:
   615  0047                     	ds	1
   616  0048                     _contador:
   617  0048                     	ds	1
   618  0049                     _CHECKSUM:
   619  0049                     	ds	1
   620                           
   621                           	psect	clrtext
   622  0181                     clear_ram0:	
   623                           ;	Called with FSR containing the base address, and
   624                           ;	W with the last address+1
   625                           
   626  0181  0064               	clrwdt	;clear the watchdog before getting into this loop
   627  0182                     clrloop0:
   628  0182  0180               	clrf	0	;clear RAM location pointed to by FSR
   629  0183  0A84               	incf	4,f	;increment pointer
   630  0184  0604               	xorwf	4,w	;XOR with final address
   631  0185  1903               	btfsc	3,2	;have we reached the end yet?
   632  0186  3400               	retlw	0	;all done for this memory range, return
   633  0187  0604               	xorwf	4,w	;XOR again to restore value
   634  0188  2982               	goto	clrloop0	;do the next byte
   635                           
   636                           	psect	cstackCOMMON
   637  0070                     __pcstackCOMMON:
   638  0070                     ?_config:
   639  0070                     ?_I2C_Slave_Init:	
   640                           ; 1 bytes @ 0x0
   641                           
   642  0070                     ?_DHT11_start:	
   643                           ; 1 bytes @ 0x0
   644                           
   645  0070                     ?_DHT11_response:	
   646                           ; 1 bytes @ 0x0
   647                           
   648  0070                     ?_DHT11_ReadData:	
   649                           ; 1 bytes @ 0x0
   650                           
   651  0070                     ?_isr:	
   652                           ; 1 bytes @ 0x0
   653                           
   654  0070                     ??_isr:	
   655                           ; 1 bytes @ 0x0
   656                           
   657  0070                     ?_main:	
   658                           ; 1 bytes @ 0x0
   659                           
   660                           
   661                           ; 1 bytes @ 0x0
   662  0070                     	ds	3
   663  0073                     ??_I2C_Slave_Init:
   664  0073                     ??_DHT11_start:	
   665                           ; 1 bytes @ 0x3
   666                           
   667  0073                     ??_DHT11_response:	
   668                           ; 1 bytes @ 0x3
   669                           
   670  0073                     ??_DHT11_ReadData:	
   671                           ; 1 bytes @ 0x3
   672                           
   673  0073                     I2C_Slave_Init@address:	
   674                           ; 1 bytes @ 0x3
   675                           
   676                           
   677                           ; 1 bytes @ 0x3
   678  0073                     	ds	1
   679  0074                     ??_config:
   680                           
   681                           ; 1 bytes @ 0x4
   682  0074                     	ds	1
   683  0075                     DHT11_ReadData@i:
   684                           
   685                           ; 1 bytes @ 0x5
   686  0075                     	ds	1
   687  0076                     DHT11_ReadData@datos:
   688                           
   689                           ; 1 bytes @ 0x6
   690  0076                     	ds	1
   691                           
   692                           	psect	cstackBANK0
   693  004A                     __pcstackBANK0:
   694  004A                     ??_main:
   695                           
   696                           ; 1 bytes @ 0x0
   697  004A                     	ds	3
   698                           
   699                           	psect	maintext
   700  0085                     __pmaintext:	
   701 ;;
   702 ;;Main: autosize = 0, tempsize = 3, incstack = 0, save=0
   703 ;;
   704 ;; *************** function _main *****************
   705 ;; Defined at:
   706 ;;		line 100 in file "Slave_DHT11.c"
   707 ;; Parameters:    Size  Location     Type
   708 ;;		None
   709 ;; Auto vars:     Size  Location     Type
   710 ;;		None
   711 ;; Return value:  Size  Location     Type
   712 ;;                  1    wreg      void 
   713 ;; Registers used:
   714 ;;		wreg, fsr0l, fsr0h, status,2, status,0, pclath, cstack
   715 ;; Tracked objects:
   716 ;;		On entry : B00/0
   717 ;;		On exit  : 0/0
   718 ;;		Unchanged: 0/0
   719 ;; Data sizes:     COMMON   BANK0   BANK1   BANK3   BANK2
   720 ;;      Params:         0       0       0       0       0
   721 ;;      Locals:         0       0       0       0       0
   722 ;;      Temps:          0       3       0       0       0
   723 ;;      Totals:         0       3       0       0       0
   724 ;;Total ram usage:        3 bytes
   725 ;; Hardware stack levels required when called:    3
   726 ;; This function calls:
   727 ;;		_DHT11_ReadData
   728 ;;		_DHT11_response
   729 ;;		_DHT11_start
   730 ;;		_config
   731 ;; This function is called by:
   732 ;;		Startup code after reset
   733 ;; This function uses a non-reentrant model
   734 ;;
   735                           
   736                           
   737                           ;psect for function _main
   738  0085                     _main:
   739  0085                     l1464:	
   740                           ;incstack = 0
   741                           ; Regs used in _main: [wreg-fsr0h+status,2+status,0+pclath+cstack]
   742                           
   743                           
   744                           ;Slave_DHT11.c: 101:     config();
   745  0085  120A  118A  212A  120A  118A  	fcall	_config
   746  008A                     l143:	
   747                           ;Slave_DHT11.c: 102:     while(1){
   748                           
   749                           
   750                           ;Slave_DHT11.c: 104:         DHT11_start();
   751  008A  120A  118A  214C  120A  118A  	fcall	_DHT11_start
   752  008F                     l1466:
   753                           
   754                           ;Slave_DHT11.c: 105:         if(DHT11_response()){
   755  008F  120A  118A  20FE  120A  118A  	fcall	_DHT11_response
   756  0094  3A00               	xorlw	0
   757  0095  1903               	skipnz
   758  0096  2898               	goto	u611
   759  0097  2899               	goto	u610
   760  0098                     u611:
   761  0098  28B7               	goto	l1470
   762  0099                     u610:
   763  0099                     l1468:
   764                           
   765                           ;Slave_DHT11.c: 106:             DHT11_ReadData(&Hum1);
   766  0099  3078               	movlw	(low (_Hum1| 0))& (0+255)
   767  009A  120A  118A  20C9  120A  118A  	fcall	_DHT11_ReadData
   768                           
   769                           ;Slave_DHT11.c: 107:             DHT11_ReadData(&dummyHum1);
   770  009F  3077               	movlw	(low (_dummyHum1| 0))& (0+255)
   771  00A0  120A  118A  20C9  120A  118A  	fcall	_DHT11_ReadData
   772                           
   773                           ;Slave_DHT11.c: 108:             DHT11_ReadData(&Temp1);
   774  00A5  307A               	movlw	(low (_Temp1| 0))& (0+255)
   775  00A6  120A  118A  20C9  120A  118A  	fcall	_DHT11_ReadData
   776                           
   777                           ;Slave_DHT11.c: 109:             DHT11_ReadData(&dummyT1);
   778  00AB  3079               	movlw	(low (_dummyT1| 0))& (0+255)
   779  00AC  120A  118A  20C9  120A  118A  	fcall	_DHT11_ReadData
   780                           
   781                           ;Slave_DHT11.c: 110:             DHT11_ReadData(&CHECKSUM);
   782  00B1  3049               	movlw	(low (_CHECKSUM| 0))& (0+255)
   783  00B2  120A  118A  20C9  120A  118A  	fcall	_DHT11_ReadData
   784  00B7                     l1470:
   785                           
   786                           ;Slave_DHT11.c: 137:         _delay((unsigned long)((500)*(8000000/4000.0)));
   787  00B7  3006               	movlw	6
   788  00B8  1283               	bcf	3,5	;RP0=0, select bank0
   789  00B9  1303               	bcf	3,6	;RP1=0, select bank0
   790  00BA  00CC               	movwf	??_main+2
   791  00BB  3013               	movlw	19
   792  00BC  00CB               	movwf	??_main+1
   793  00BD  30AD               	movlw	173
   794  00BE  00CA               	movwf	??_main
   795  00BF                     u627:
   796  00BF  0BCA               	decfsz	??_main,f
   797  00C0  28BF               	goto	u627
   798  00C1  0BCB               	decfsz	??_main+1,f
   799  00C2  28BF               	goto	u627
   800  00C3  0BCC               	decfsz	??_main+2,f
   801  00C4  28BF               	goto	u627
   802  00C5  288A               	goto	l143
   803  00C6  120A  118A  280C   	ljmp	start
   804  00C9                     __end_of_main:
   805                           
   806                           	psect	text1
   807  012A                     __ptext1:	
   808 ;; *************** function _config *****************
   809 ;; Defined at:
   810 ;;		line 141 in file "Slave_DHT11.c"
   811 ;; Parameters:    Size  Location     Type
   812 ;;		None
   813 ;; Auto vars:     Size  Location     Type
   814 ;;		None
   815 ;; Return value:  Size  Location     Type
   816 ;;                  1    wreg      void 
   817 ;; Registers used:
   818 ;;		wreg, status,2, status,0, pclath, cstack
   819 ;; Tracked objects:
   820 ;;		On entry : 0/0
   821 ;;		On exit  : 0/0
   822 ;;		Unchanged: 0/0
   823 ;; Data sizes:     COMMON   BANK0   BANK1   BANK3   BANK2
   824 ;;      Params:         0       0       0       0       0
   825 ;;      Locals:         0       0       0       0       0
   826 ;;      Temps:          0       0       0       0       0
   827 ;;      Totals:         0       0       0       0       0
   828 ;;Total ram usage:        0 bytes
   829 ;; Hardware stack levels used:    1
   830 ;; Hardware stack levels required when called:    2
   831 ;; This function calls:
   832 ;;		_I2C_Slave_Init
   833 ;; This function is called by:
   834 ;;		_main
   835 ;; This function uses a non-reentrant model
   836 ;;
   837                           
   838                           
   839                           ;psect for function _config
   840  012A                     _config:
   841  012A                     l1408:	
   842                           ;incstack = 0
   843                           ; Regs used in _config: [wreg+status,2+status,0+pclath+cstack]
   844                           
   845                           
   846                           ;Slave_DHT11.c: 142:     ANSEL = 0X00;
   847  012A  1683               	bsf	3,5	;RP0=1, select bank3
   848  012B  1703               	bsf	3,6	;RP1=1, select bank3
   849  012C  0188               	clrf	8	;volatile
   850                           
   851                           ;Slave_DHT11.c: 143:     ANSELH = 0X00;
   852  012D  0189               	clrf	9	;volatile
   853                           
   854                           ;Slave_DHT11.c: 144:     TRISA = 0X00;
   855  012E  1683               	bsf	3,5	;RP0=1, select bank1
   856  012F  1303               	bcf	3,6	;RP1=0, select bank1
   857  0130  0185               	clrf	5	;volatile
   858                           
   859                           ;Slave_DHT11.c: 145:     TRISB = 0X00;
   860  0131  0186               	clrf	6	;volatile
   861                           
   862                           ;Slave_DHT11.c: 146:     TRISD = 0X00;
   863  0132  0188               	clrf	8	;volatile
   864                           
   865                           ;Slave_DHT11.c: 147:     TRISE = 0x00;
   866  0133  0189               	clrf	9	;volatile
   867                           
   868                           ;Slave_DHT11.c: 148:     PORTA = 0X00;
   869  0134  1283               	bcf	3,5	;RP0=0, select bank0
   870  0135  1303               	bcf	3,6	;RP1=0, select bank0
   871  0136  0185               	clrf	5	;volatile
   872                           
   873                           ;Slave_DHT11.c: 149:     PORTB = 0X00;
   874  0137  0186               	clrf	6	;volatile
   875                           
   876                           ;Slave_DHT11.c: 150:     PORTD = 0X00;
   877  0138  0188               	clrf	8	;volatile
   878                           
   879                           ;Slave_DHT11.c: 151:     PORTE = 0x00;
   880  0139  0189               	clrf	9	;volatile
   881  013A                     l1410:
   882                           
   883                           ;Slave_DHT11.c: 153:     I2C_Slave_Init(0X10);
   884  013A  3010               	movlw	16
   885  013B  120A  118A  2167  120A  118A  	fcall	_I2C_Slave_Init
   886  0140                     l1412:
   887                           
   888                           ;Slave_DHT11.c: 156:     OSCCONbits.IRCF = 0b111;
   889  0140  3070               	movlw	112
   890  0141  1683               	bsf	3,5	;RP0=1, select bank1
   891  0142  1303               	bcf	3,6	;RP1=0, select bank1
   892  0143  048F               	iorwf	15,f	;volatile
   893  0144                     l1414:
   894                           
   895                           ;Slave_DHT11.c: 157:     OSCCONbits.SCS = 0b1;
   896  0144  140F               	bsf	15,0	;volatile
   897  0145                     l1416:
   898                           
   899                           ;Slave_DHT11.c: 160:     T1CON = 0X10;
   900  0145  3010               	movlw	16
   901  0146  1283               	bcf	3,5	;RP0=0, select bank0
   902  0147  1303               	bcf	3,6	;RP1=0, select bank0
   903  0148  0090               	movwf	16	;volatile
   904  0149                     l1418:
   905                           
   906                           ;Slave_DHT11.c: 161:     TMR1H = 0;
   907  0149  018F               	clrf	15	;volatile
   908  014A                     l1420:
   909                           
   910                           ;Slave_DHT11.c: 162:     TMR1L = 0;
   911  014A  018E               	clrf	14	;volatile
   912  014B                     l150:
   913  014B  0008               	return
   914  014C                     __end_of_config:
   915                           
   916                           	psect	text2
   917  0167                     __ptext2:	
   918 ;; *************** function _I2C_Slave_Init *****************
   919 ;; Defined at:
   920 ;;		line 93 in file "I2C.c"
   921 ;; Parameters:    Size  Location     Type
   922 ;;  address         1    wreg     unsigned char 
   923 ;; Auto vars:     Size  Location     Type
   924 ;;  address         1    3[COMMON] unsigned char 
   925 ;; Return value:  Size  Location     Type
   926 ;;                  1    wreg      void 
   927 ;; Registers used:
   928 ;;		wreg
   929 ;; Tracked objects:
   930 ;;		On entry : 0/0
   931 ;;		On exit  : 0/0
   932 ;;		Unchanged: 0/0
   933 ;; Data sizes:     COMMON   BANK0   BANK1   BANK3   BANK2
   934 ;;      Params:         0       0       0       0       0
   935 ;;      Locals:         1       0       0       0       0
   936 ;;      Temps:          0       0       0       0       0
   937 ;;      Totals:         1       0       0       0       0
   938 ;;Total ram usage:        1 bytes
   939 ;; Hardware stack levels used:    1
   940 ;; Hardware stack levels required when called:    1
   941 ;; This function calls:
   942 ;;		Nothing
   943 ;; This function is called by:
   944 ;;		_config
   945 ;; This function uses a non-reentrant model
   946 ;;
   947                           
   948                           
   949                           ;psect for function _I2C_Slave_Init
   950  0167                     _I2C_Slave_Init:
   951                           
   952                           ;incstack = 0
   953                           ; Regs used in _I2C_Slave_Init: [wreg]
   954                           ;I2C_Slave_Init@address stored from wreg
   955  0167  00F3               	movwf	I2C_Slave_Init@address
   956  0168                     l1338:
   957                           
   958                           ;I2C.c: 93: void I2C_Slave_Init(uint8_t address);I2C.c: 94: {;I2C.c: 95:     SSPADD = ad
      +                          dress;
   959  0168  0873               	movf	I2C_Slave_Init@address,w
   960  0169  1683               	bsf	3,5	;RP0=1, select bank1
   961  016A  1303               	bcf	3,6	;RP1=0, select bank1
   962  016B  0093               	movwf	19	;volatile
   963                           
   964                           ;I2C.c: 96:     SSPCON = 0x36;
   965  016C  3036               	movlw	54
   966  016D  1283               	bcf	3,5	;RP0=0, select bank0
   967  016E  1303               	bcf	3,6	;RP1=0, select bank0
   968  016F  0094               	movwf	20	;volatile
   969                           
   970                           ;I2C.c: 97:     SSPSTAT = 0x80;
   971  0170  3080               	movlw	128
   972  0171  1683               	bsf	3,5	;RP0=1, select bank1
   973  0172  1303               	bcf	3,6	;RP1=0, select bank1
   974  0173  0094               	movwf	20	;volatile
   975                           
   976                           ;I2C.c: 98:     SSPCON2 = 0x01;
   977  0174  3001               	movlw	1
   978  0175  0091               	movwf	17	;volatile
   979  0176                     l1340:
   980                           
   981                           ;I2C.c: 99:     TRISC3 = 1;
   982  0176  1587               	bsf	7,3	;volatile
   983  0177                     l1342:
   984                           
   985                           ;I2C.c: 100:     TRISC4 = 1;
   986  0177  1607               	bsf	7,4	;volatile
   987  0178                     l1344:
   988                           
   989                           ;I2C.c: 101:     GIE = 1;
   990  0178  178B               	bsf	11,7	;volatile
   991  0179                     l1346:
   992                           
   993                           ;I2C.c: 102:     PEIE = 1;
   994  0179  170B               	bsf	11,6	;volatile
   995  017A                     l1348:
   996                           
   997                           ;I2C.c: 103:     SSPIF = 0;
   998  017A  1283               	bcf	3,5	;RP0=0, select bank0
   999  017B  1303               	bcf	3,6	;RP1=0, select bank0
  1000  017C  118C               	bcf	12,3	;volatile
  1001  017D                     l1350:
  1002                           
  1003                           ;I2C.c: 104:     SSPIE = 1;
  1004  017D  1683               	bsf	3,5	;RP0=1, select bank1
  1005  017E  1303               	bcf	3,6	;RP1=0, select bank1
  1006  017F  158C               	bsf	12,3	;volatile
  1007  0180                     l342:
  1008  0180  0008               	return
  1009  0181                     __end_of_I2C_Slave_Init:
  1010                           
  1011                           	psect	text3
  1012  014C                     __ptext3:	
  1013 ;; *************** function _DHT11_start *****************
  1014 ;; Defined at:
  1015 ;;		line 25 in file "DHT11.c"
  1016 ;; Parameters:    Size  Location     Type
  1017 ;;		None
  1018 ;; Auto vars:     Size  Location     Type
  1019 ;;		None
  1020 ;; Return value:  Size  Location     Type
  1021 ;;                  1    wreg      void 
  1022 ;; Registers used:
  1023 ;;		wreg
  1024 ;; Tracked objects:
  1025 ;;		On entry : 0/0
  1026 ;;		On exit  : 0/0
  1027 ;;		Unchanged: 0/0
  1028 ;; Data sizes:     COMMON   BANK0   BANK1   BANK3   BANK2
  1029 ;;      Params:         0       0       0       0       0
  1030 ;;      Locals:         0       0       0       0       0
  1031 ;;      Temps:          2       0       0       0       0
  1032 ;;      Totals:         2       0       0       0       0
  1033 ;;Total ram usage:        2 bytes
  1034 ;; Hardware stack levels used:    1
  1035 ;; Hardware stack levels required when called:    1
  1036 ;; This function calls:
  1037 ;;		Nothing
  1038 ;; This function is called by:
  1039 ;;		_main
  1040 ;; This function uses a non-reentrant model
  1041 ;;
  1042                           
  1043                           
  1044                           ;psect for function _DHT11_start
  1045  014C                     _DHT11_start:
  1046  014C                     l1352:	
  1047                           ;incstack = 0
  1048                           ; Regs used in _DHT11_start: [wreg]
  1049                           
  1050                           
  1051                           ;DHT11.c: 27:    TRISAbits.TRISA0 = 0;
  1052  014C  1683               	bsf	3,5	;RP0=1, select bank1
  1053  014D  1303               	bcf	3,6	;RP1=0, select bank1
  1054  014E  1005               	bcf	5,0	;volatile
  1055                           
  1056                           ;DHT11.c: 28:    RA0 = 0;
  1057  014F  1283               	bcf	3,5	;RP0=0, select bank0
  1058  0150  1303               	bcf	3,6	;RP1=0, select bank0
  1059  0151  1005               	bcf	5,0	;volatile
  1060  0152                     l1354:
  1061                           
  1062                           ;DHT11.c: 29:    _delay((unsigned long)((25)*(8000000/4000.0)));
  1063  0152  3041               	movlw	65
  1064  0153  00F4               	movwf	??_DHT11_start+1
  1065  0154  30EE               	movlw	238
  1066  0155  00F3               	movwf	??_DHT11_start
  1067  0156                     u637:
  1068  0156  0BF3               	decfsz	??_DHT11_start,f
  1069  0157  2956               	goto	u637
  1070  0158  0BF4               	decfsz	??_DHT11_start+1,f
  1071  0159  2956               	goto	u637
  1072  015A  0000               	nop
  1073  015B                     l1356:
  1074                           
  1075                           ;DHT11.c: 30:    RA0 = 1;
  1076  015B  1283               	bcf	3,5	;RP0=0, select bank0
  1077  015C  1303               	bcf	3,6	;RP1=0, select bank0
  1078  015D  1405               	bsf	5,0	;volatile
  1079                           
  1080                           ;DHT11.c: 31:    _delay((unsigned long)((25)*(8000000/4000000.0)));
  1081  015E  3010               	movlw	16
  1082  015F  00F3               	movwf	??_DHT11_start
  1083  0160                     u647:
  1084  0160  0BF3               	decfsz	??_DHT11_start,f
  1085  0161  2960               	goto	u647
  1086  0162  0000               	nop
  1087  0163                     l1358:
  1088                           
  1089                           ;DHT11.c: 32:    TRISAbits.TRISA0 = 1;
  1090  0163  1683               	bsf	3,5	;RP0=1, select bank1
  1091  0164  1303               	bcf	3,6	;RP1=0, select bank1
  1092  0165  1405               	bsf	5,0	;volatile
  1093  0166                     l17:
  1094  0166  0008               	return
  1095  0167                     __end_of_DHT11_start:
  1096                           
  1097                           	psect	text4
  1098  00FE                     __ptext4:	
  1099 ;; *************** function _DHT11_response *****************
  1100 ;; Defined at:
  1101 ;;		line 35 in file "DHT11.c"
  1102 ;; Parameters:    Size  Location     Type
  1103 ;;		None
  1104 ;; Auto vars:     Size  Location     Type
  1105 ;;		None
  1106 ;; Return value:  Size  Location     Type
  1107 ;;                  1    wreg      unsigned char 
  1108 ;; Registers used:
  1109 ;;		wreg, status,2
  1110 ;; Tracked objects:
  1111 ;;		On entry : 0/0
  1112 ;;		On exit  : 0/0
  1113 ;;		Unchanged: 0/0
  1114 ;; Data sizes:     COMMON   BANK0   BANK1   BANK3   BANK2
  1115 ;;      Params:         0       0       0       0       0
  1116 ;;      Locals:         0       0       0       0       0
  1117 ;;      Temps:          0       0       0       0       0
  1118 ;;      Totals:         0       0       0       0       0
  1119 ;;Total ram usage:        0 bytes
  1120 ;; Hardware stack levels used:    1
  1121 ;; Hardware stack levels required when called:    1
  1122 ;; This function calls:
  1123 ;;		Nothing
  1124 ;; This function is called by:
  1125 ;;		_main
  1126 ;; This function uses a non-reentrant model
  1127 ;;
  1128                           
  1129                           
  1130                           ;psect for function _DHT11_response
  1131  00FE                     _DHT11_response:
  1132  00FE                     l1360:	
  1133                           ;incstack = 0
  1134                           ; Regs used in _DHT11_response: [wreg+status,2]
  1135                           
  1136                           
  1137                           ;DHT11.c: 37:     TMR1H = 0;
  1138  00FE  1283               	bcf	3,5	;RP0=0, select bank0
  1139  00FF  1303               	bcf	3,6	;RP1=0, select bank0
  1140  0100  018F               	clrf	15	;volatile
  1141                           
  1142                           ;DHT11.c: 38:     TMR1L = 0;
  1143  0101  018E               	clrf	14	;volatile
  1144  0102                     l1362:
  1145                           
  1146                           ;DHT11.c: 39:     T1CONbits.TMR1ON = 1;
  1147  0102  1410               	bsf	16,0	;volatile
  1148  0103                     l20:	
  1149                           ;DHT11.c: 41:     while(!RA0 && TMR1L < 100);
  1150                           
  1151  0103  1805               	btfsc	5,0	;volatile
  1152  0104  2906               	goto	u401
  1153  0105  2907               	goto	u400
  1154  0106                     u401:
  1155  0106  290D               	goto	l1366
  1156  0107                     u400:
  1157  0107                     l1364:
  1158  0107  3064               	movlw	100
  1159  0108  020E               	subwf	14,w	;volatile
  1160  0109  1C03               	skipc
  1161  010A  290C               	goto	u411
  1162  010B  290D               	goto	u410
  1163  010C                     u411:
  1164  010C  2903               	goto	l20
  1165  010D                     u410:
  1166  010D                     l1366:
  1167                           
  1168                           ;DHT11.c: 43:     if(TMR1L > 99)return 0;
  1169  010D  3064               	movlw	100
  1170  010E  020E               	subwf	14,w	;volatile
  1171  010F  1C03               	skipc
  1172  0110  2912               	goto	u421
  1173  0111  2913               	goto	u420
  1174  0112                     u421:
  1175  0112  2915               	goto	l1374
  1176  0113                     u420:
  1177  0113                     l1368:
  1178  0113  3000               	movlw	0
  1179  0114  2929               	goto	l26
  1180  0115                     l1374:
  1181                           
  1182                           ;DHT11.c: 46:     {;DHT11.c: 47:         TMR1H = 0;
  1183  0115  018F               	clrf	15	;volatile
  1184                           
  1185                           ;DHT11.c: 48:         TMR1L = 0;
  1186  0116  018E               	clrf	14	;volatile
  1187  0117                     l28:	
  1188                           ;DHT11.c: 50:     while(RA0 && TMR1L < 100);
  1189                           
  1190  0117  1C05               	btfss	5,0	;volatile
  1191  0118  291A               	goto	u431
  1192  0119  291B               	goto	u430
  1193  011A                     u431:
  1194  011A  2921               	goto	l1378
  1195  011B                     u430:
  1196  011B                     l1376:
  1197  011B  3064               	movlw	100
  1198  011C  020E               	subwf	14,w	;volatile
  1199  011D  1C03               	skipc
  1200  011E  2920               	goto	u441
  1201  011F  2921               	goto	u440
  1202  0120                     u441:
  1203  0120  2917               	goto	l28
  1204  0121                     u440:
  1205  0121                     l1378:
  1206                           
  1207                           ;DHT11.c: 52:     if(TMR1L > 99)return 0;
  1208  0121  3064               	movlw	100
  1209  0122  020E               	subwf	14,w	;volatile
  1210  0123  1C03               	skipc
  1211  0124  2926               	goto	u451
  1212  0125  2927               	goto	u450
  1213  0126                     u451:
  1214  0126  2928               	goto	l1386
  1215  0127                     u450:
  1216  0127  2913               	goto	l1368
  1217  0128                     l1386:
  1218  0128  3001               	movlw	1
  1219  0129                     l26:
  1220  0129  0008               	return
  1221  012A                     __end_of_DHT11_response:
  1222                           
  1223                           	psect	text5
  1224  00C9                     __ptext5:	
  1225 ;; *************** function _DHT11_ReadData *****************
  1226 ;; Defined at:
  1227 ;;		line 59 in file "DHT11.c"
  1228 ;; Parameters:    Size  Location     Type
  1229 ;;  datos           1    wreg     PTR unsigned char 
  1230 ;;		 -> CHECKSUM(1), dummyT1(1), Temp1(1), dummyHum1(1), 
  1231 ;;		 -> Hum1(1), 
  1232 ;; Auto vars:     Size  Location     Type
  1233 ;;  datos           1    6[COMMON] PTR unsigned char 
  1234 ;;		 -> CHECKSUM(1), dummyT1(1), Temp1(1), dummyHum1(1), 
  1235 ;;		 -> Hum1(1), 
  1236 ;;  i               1    5[COMMON] unsigned char 
  1237 ;; Return value:  Size  Location     Type
  1238 ;;                  1    wreg      void 
  1239 ;; Registers used:
  1240 ;;		wreg, fsr0l, fsr0h, status,2, status,0
  1241 ;; Tracked objects:
  1242 ;;		On entry : 0/0
  1243 ;;		On exit  : 0/0
  1244 ;;		Unchanged: 0/0
  1245 ;; Data sizes:     COMMON   BANK0   BANK1   BANK3   BANK2
  1246 ;;      Params:         0       0       0       0       0
  1247 ;;      Locals:         2       0       0       0       0
  1248 ;;      Temps:          2       0       0       0       0
  1249 ;;      Totals:         4       0       0       0       0
  1250 ;;Total ram usage:        4 bytes
  1251 ;; Hardware stack levels used:    1
  1252 ;; Hardware stack levels required when called:    1
  1253 ;; This function calls:
  1254 ;;		Nothing
  1255 ;; This function is called by:
  1256 ;;		_main
  1257 ;; This function uses a non-reentrant model
  1258 ;;
  1259                           
  1260                           
  1261                           ;psect for function _DHT11_ReadData
  1262  00C9                     _DHT11_ReadData:
  1263                           
  1264                           ;incstack = 0
  1265                           ; Regs used in _DHT11_ReadData: [wreg-fsr0h+status,2+status,0]
  1266                           ;DHT11_ReadData@datos stored from wreg
  1267  00C9  00F6               	movwf	DHT11_ReadData@datos
  1268  00CA                     l1390:
  1269                           
  1270                           ;DHT11.c: 60:     uint8_t i;;DHT11.c: 61:     *datos = 0;
  1271  00CA  0876               	movf	DHT11_ReadData@datos,w
  1272  00CB  0084               	movwf	4
  1273  00CC  1383               	bcf	3,7	;select IRP bank0
  1274  00CD  0180               	clrf	0
  1275  00CE                     l1392:
  1276                           
  1277                           ;DHT11.c: 62:     for(i=0; i<8; i++){
  1278  00CE  01F5               	clrf	DHT11_ReadData@i
  1279  00CF                     l39:
  1280  00CF  1283               	bcf	3,5	;RP0=0, select bank0
  1281  00D0  1303               	bcf	3,6	;RP1=0, select bank0
  1282  00D1  1C05               	btfss	5,0	;volatile
  1283  00D2  28D4               	goto	u461
  1284  00D3  28D5               	goto	u460
  1285  00D4                     u461:
  1286  00D4  28CF               	goto	l39
  1287  00D5                     u460:
  1288  00D5                     l1398:
  1289                           
  1290                           ;DHT11.c: 64:         TMR1H = 0;
  1291  00D5  018F               	clrf	15	;volatile
  1292                           
  1293                           ;DHT11.c: 65:         TMR1L = 0;
  1294  00D6  018E               	clrf	14	;volatile
  1295  00D7                     l42:	
  1296                           ;DHT11.c: 66:         while(RA0);
  1297                           
  1298  00D7  1805               	btfsc	5,0	;volatile
  1299  00D8  28DA               	goto	u471
  1300  00D9  28DB               	goto	u470
  1301  00DA                     u471:
  1302  00DA  28D7               	goto	l42
  1303  00DB                     u470:
  1304  00DB                     l1400:
  1305                           
  1306                           ;DHT11.c: 67:         if(TMR1L > 50)*datos |= (1 << (7-i));
  1307  00DB  3033               	movlw	51
  1308  00DC  020E               	subwf	14,w	;volatile
  1309  00DD  1C03               	skipc
  1310  00DE  28E0               	goto	u481
  1311  00DF  28E1               	goto	u480
  1312  00E0                     u481:
  1313  00E0  28F3               	goto	l1404
  1314  00E1                     u480:
  1315  00E1                     l1402:
  1316  00E1  3001               	movlw	1
  1317  00E2  00F3               	movwf	??_DHT11_ReadData
  1318  00E3  0875               	movf	DHT11_ReadData@i,w
  1319  00E4  3C07               	sublw	7
  1320  00E5  3E01               	addlw	1
  1321  00E6  28E9               	goto	u494
  1322  00E7                     u495:
  1323  00E7  1003               	clrc
  1324  00E8  0DF3               	rlf	??_DHT11_ReadData,f
  1325  00E9                     u494:
  1326  00E9  3EFF               	addlw	-1
  1327  00EA  1D03               	skipz
  1328  00EB  28E7               	goto	u495
  1329  00EC  0873               	movf	??_DHT11_ReadData,w
  1330  00ED  00F4               	movwf	??_DHT11_ReadData+1
  1331  00EE  0876               	movf	DHT11_ReadData@datos,w
  1332  00EF  0084               	movwf	4
  1333  00F0  0874               	movf	??_DHT11_ReadData+1,w
  1334  00F1  1383               	bcf	3,7	;select IRP bank0
  1335  00F2  0480               	iorwf	0,f
  1336  00F3                     l1404:
  1337                           
  1338                           ;DHT11.c: 70:     }
  1339  00F3  3001               	movlw	1
  1340  00F4  00F3               	movwf	??_DHT11_ReadData
  1341  00F5  0873               	movf	??_DHT11_ReadData,w
  1342  00F6  07F5               	addwf	DHT11_ReadData@i,f
  1343  00F7                     l1406:
  1344  00F7  3008               	movlw	8
  1345  00F8  0275               	subwf	DHT11_ReadData@i,w
  1346  00F9  1C03               	skipc
  1347  00FA  28FC               	goto	u501
  1348  00FB  28FD               	goto	u500
  1349  00FC                     u501:
  1350  00FC  28CF               	goto	l39
  1351  00FD                     u500:
  1352  00FD                     l46:
  1353  00FD  0008               	return
  1354  00FE                     __end_of_DHT11_ReadData:
  1355                           
  1356                           	psect	text6
  1357  0020                     __ptext6:	
  1358 ;; *************** function _isr *****************
  1359 ;; Defined at:
  1360 ;;		line 61 in file "Slave_DHT11.c"
  1361 ;; Parameters:    Size  Location     Type
  1362 ;;		None
  1363 ;; Auto vars:     Size  Location     Type
  1364 ;;		None
  1365 ;; Return value:  Size  Location     Type
  1366 ;;                  1    wreg      void 
  1367 ;; Registers used:
  1368 ;;		wreg
  1369 ;; Tracked objects:
  1370 ;;		On entry : 0/0
  1371 ;;		On exit  : 0/0
  1372 ;;		Unchanged: 0/0
  1373 ;; Data sizes:     COMMON   BANK0   BANK1   BANK3   BANK2
  1374 ;;      Params:         0       0       0       0       0
  1375 ;;      Locals:         0       0       0       0       0
  1376 ;;      Temps:          3       0       0       0       0
  1377 ;;      Totals:         3       0       0       0       0
  1378 ;;Total ram usage:        3 bytes
  1379 ;; Hardware stack levels used:    1
  1380 ;; This function calls:
  1381 ;;		Nothing
  1382 ;; This function is called by:
  1383 ;;		Interrupt level 1
  1384 ;; This function uses a non-reentrant model
  1385 ;;
  1386                           
  1387                           
  1388                           ;psect for function _isr
  1389  0020                     _isr:
  1390  0020                     i1l1422:
  1391                           
  1392                           ;Slave_DHT11.c: 63:    if(PIR1bits.SSPIF == 1){
  1393  0020  1283               	bcf	3,5	;RP0=0, select bank0
  1394  0021  1303               	bcf	3,6	;RP1=0, select bank0
  1395  0022  1D8C               	btfss	12,3	;volatile
  1396  0023  2825               	goto	u51_21
  1397  0024  2826               	goto	u51_20
  1398  0025                     u51_21:
  1399  0025  287E               	goto	i1l138
  1400  0026                     u51_20:
  1401  0026                     i1l1424:
  1402                           
  1403                           ;Slave_DHT11.c: 65:         SSPCONbits.CKP = 0;
  1404  0026  1214               	bcf	20,4	;volatile
  1405                           
  1406                           ;Slave_DHT11.c: 67:         if ((SSPCONbits.SSPOV) || (SSPCONbits.WCOL)){
  1407  0027  1B14               	btfsc	20,6	;volatile
  1408  0028  282A               	goto	u52_21
  1409  0029  282B               	goto	u52_20
  1410  002A                     u52_21:
  1411  002A  282F               	goto	i1l1428
  1412  002B                     u52_20:
  1413  002B                     i1l1426:
  1414  002B  1F94               	btfss	20,7	;volatile
  1415  002C  282E               	goto	u53_21
  1416  002D  282F               	goto	u53_20
  1417  002E                     u53_21:
  1418  002E  2836               	goto	i1l1436
  1419  002F                     u53_20:
  1420  002F                     i1l1428:
  1421                           
  1422                           ;Slave_DHT11.c: 68:             z = SSPBUF;
  1423  002F  0813               	movf	19,w	;volatile
  1424  0030  00F0               	movwf	??_isr
  1425  0031  0870               	movf	??_isr,w
  1426  0032  00C7               	movwf	_z
  1427  0033                     i1l1430:
  1428                           
  1429                           ;Slave_DHT11.c: 69:             SSPCONbits.SSPOV = 0;
  1430  0033  1314               	bcf	20,6	;volatile
  1431  0034                     i1l1432:
  1432                           
  1433                           ;Slave_DHT11.c: 70:             SSPCONbits.WCOL = 0;
  1434  0034  1394               	bcf	20,7	;volatile
  1435  0035                     i1l1434:
  1436                           
  1437                           ;Slave_DHT11.c: 71:             SSPCONbits.CKP = 1;
  1438  0035  1614               	bsf	20,4	;volatile
  1439  0036                     i1l1436:
  1440                           
  1441                           ;Slave_DHT11.c: 75:         if(!SSPSTATbits.D_nA && !SSPSTATbits.R_nW) {
  1442  0036  1683               	bsf	3,5	;RP0=1, select bank1
  1443  0037  1303               	bcf	3,6	;RP1=0, select bank1
  1444  0038  1A94               	btfsc	20,5	;volatile
  1445  0039  283B               	goto	u54_21
  1446  003A  283C               	goto	u54_20
  1447  003B                     u54_21:
  1448  003B  285A               	goto	i1l129
  1449  003C                     u54_20:
  1450  003C                     i1l1438:
  1451  003C  1914               	btfsc	20,2	;volatile
  1452  003D  283F               	goto	u55_21
  1453  003E  2840               	goto	u55_20
  1454  003F                     u55_21:
  1455  003F  285A               	goto	i1l129
  1456  0040                     u55_20:
  1457  0040                     i1l1440:
  1458                           
  1459                           ;Slave_DHT11.c: 77:             z = SSPBUF;
  1460  0040  1283               	bcf	3,5	;RP0=0, select bank0
  1461  0041  1303               	bcf	3,6	;RP1=0, select bank0
  1462  0042  0813               	movf	19,w	;volatile
  1463  0043  00F0               	movwf	??_isr
  1464  0044  0870               	movf	??_isr,w
  1465  0045  00C7               	movwf	_z
  1466  0046                     i1l1442:
  1467                           
  1468                           ;Slave_DHT11.c: 79:             PIR1bits.SSPIF = 0;
  1469  0046  118C               	bcf	12,3	;volatile
  1470  0047                     i1l1444:
  1471                           
  1472                           ;Slave_DHT11.c: 80:             SSPCONbits.CKP = 1;
  1473  0047  1614               	bsf	20,4	;volatile
  1474  0048                     i1l130:	
  1475                           ;Slave_DHT11.c: 81:             while(!SSPSTATbits.BF);
  1476                           
  1477  0048  1683               	bsf	3,5	;RP0=1, select bank1
  1478  0049  1303               	bcf	3,6	;RP1=0, select bank1
  1479  004A  1C14               	btfss	20,0	;volatile
  1480  004B  284D               	goto	u56_21
  1481  004C  284E               	goto	u56_20
  1482  004D                     u56_21:
  1483  004D  2848               	goto	i1l130
  1484  004E                     u56_20:
  1485  004E                     i1l1446:
  1486                           
  1487                           ;Slave_DHT11.c: 82:             lectura = SSPBUF;
  1488  004E  1283               	bcf	3,5	;RP0=0, select bank0
  1489  004F  1303               	bcf	3,6	;RP1=0, select bank0
  1490  0050  0813               	movf	19,w	;volatile
  1491  0051  00F0               	movwf	??_isr
  1492  0052  0870               	movf	??_isr,w
  1493  0053  00C6               	movwf	_lectura
  1494                           
  1495                           ;Slave_DHT11.c: 83:             _delay((unsigned long)((250)*(8000000/4000000.0)));
  1496  0054  30A6               	movlw	166
  1497  0055  00F0               	movwf	??_isr
  1498  0056                     u65_27:
  1499  0056  0BF0               	decfsz	??_isr,f
  1500  0057  2856               	goto	u65_27
  1501  0058  0000               	nop
  1502                           
  1503                           ;Slave_DHT11.c: 85:         }else if(!SSPSTATbits.D_nA && SSPSTATbits.R_nW){
  1504  0059  287B               	goto	i1l133
  1505  005A                     i1l129:
  1506  005A  1A94               	btfsc	20,5	;volatile
  1507  005B  285D               	goto	u57_21
  1508  005C  285E               	goto	u57_20
  1509  005D                     u57_21:
  1510  005D  287B               	goto	i1l133
  1511  005E                     u57_20:
  1512  005E                     i1l1448:
  1513  005E  1D14               	btfss	20,2	;volatile
  1514  005F  2861               	goto	u58_21
  1515  0060  2862               	goto	u58_20
  1516  0061                     u58_21:
  1517  0061  287B               	goto	i1l133
  1518  0062                     u58_20:
  1519  0062                     i1l1450:
  1520                           
  1521                           ;Slave_DHT11.c: 86:             z = SSPBUF;
  1522  0062  1283               	bcf	3,5	;RP0=0, select bank0
  1523  0063  1303               	bcf	3,6	;RP1=0, select bank0
  1524  0064  0813               	movf	19,w	;volatile
  1525  0065  00F0               	movwf	??_isr
  1526  0066  0870               	movf	??_isr,w
  1527  0067  00C7               	movwf	_z
  1528  0068                     i1l1452:
  1529                           
  1530                           ;Slave_DHT11.c: 87:             BF = 0;
  1531  0068  1683               	bsf	3,5	;RP0=1, select bank1
  1532  0069  1303               	bcf	3,6	;RP1=0, select bank1
  1533  006A  1014               	bcf	20,0	;volatile
  1534                           
  1535                           ;Slave_DHT11.c: 88:             SSPBUF = Hum1;
  1536  006B  0878               	movf	_Hum1,w
  1537  006C  1283               	bcf	3,5	;RP0=0, select bank0
  1538  006D  1303               	bcf	3,6	;RP1=0, select bank0
  1539  006E  0093               	movwf	19	;volatile
  1540  006F                     i1l1454:
  1541                           
  1542                           ;Slave_DHT11.c: 89:             SSPCONbits.CKP = 1;
  1543  006F  1614               	bsf	20,4	;volatile
  1544                           
  1545                           ;Slave_DHT11.c: 90:             _delay((unsigned long)((250)*(8000000/4000000.0)));
  1546  0070  30A6               	movlw	166
  1547  0071  00F0               	movwf	??_isr
  1548  0072                     u66_27:
  1549  0072  0BF0               	decfsz	??_isr,f
  1550  0073  2872               	goto	u66_27
  1551  0074  0000               	nop
  1552  0075                     i1l135:	
  1553                           ;Slave_DHT11.c: 91:             while(SSPSTATbits.BF);
  1554                           
  1555  0075  1683               	bsf	3,5	;RP0=1, select bank1
  1556  0076  1303               	bcf	3,6	;RP1=0, select bank1
  1557  0077  1814               	btfsc	20,0	;volatile
  1558  0078  287A               	goto	u59_21
  1559  0079  287B               	goto	u59_20
  1560  007A                     u59_21:
  1561  007A  2875               	goto	i1l135
  1562  007B                     u59_20:
  1563  007B                     i1l133:
  1564                           
  1565                           ;Slave_DHT11.c: 94:         PIR1bits.SSPIF = 0;
  1566  007B  1283               	bcf	3,5	;RP0=0, select bank0
  1567  007C  1303               	bcf	3,6	;RP1=0, select bank0
  1568  007D  118C               	bcf	12,3	;volatile
  1569  007E                     i1l138:
  1570  007E  0872               	movf	??_isr+2,w
  1571  007F  008A               	movwf	10
  1572  0080  0E71               	swapf	??_isr+1,w
  1573  0081  0083               	movwf	3
  1574  0082  0EFE               	swapf	btemp,f
  1575  0083  0E7E               	swapf	btemp,w
  1576  0084  0009               	retfie
  1577  0085                     __end_of_isr:
  1578  007E                     btemp	set	126	;btemp
  1579  007E                     wtemp0	set	126
  1580                           
  1581                           	psect	intentry
  1582  0004                     __pintentry:	
  1583                           ;incstack = 0
  1584                           ; Regs used in _isr: [wreg]
  1585                           
  1586  0004                     interrupt_function:
  1587  007E                     saved_w	set	btemp
  1588  0004  00FE               	movwf	btemp
  1589  0005  0E03               	swapf	3,w
  1590  0006  00F1               	movwf	??_isr+1
  1591  0007  080A               	movf	10,w
  1592  0008  00F2               	movwf	??_isr+2
  1593  0009  120A  118A  2820   	ljmp	_isr
  1594                           
  1595                           	psect	config
  1596                           
  1597                           ;Config register CONFIG1 @ 0x2007
  1598                           ;	Oscillator Selection bits
  1599                           ;	FOSC = INTRC_NOCLKOUT, INTOSCIO oscillator: I/O function on RA6/OSC2/CLKOUT pin, I/O f
      +                          unction on RA7/OSC1/CLKIN
  1600                           ;	Watchdog Timer Enable bit
  1601                           ;	WDTE = OFF, WDT disabled and can be enabled by SWDTEN bit of the WDTCON register
  1602                           ;	Power-up Timer Enable bit
  1603                           ;	PWRTE = ON, PWRT enabled
  1604                           ;	RE3/MCLR pin function select bit
  1605                           ;	MCLRE = OFF, RE3/MCLR pin function is digital input, MCLR internally tied to VDD
  1606                           ;	Code Protection bit
  1607                           ;	CP = OFF, Program memory code protection is disabled
  1608                           ;	Data Code Protection bit
  1609                           ;	CPD = OFF, Data memory code protection is disabled
  1610                           ;	Brown Out Reset Selection bits
  1611                           ;	BOREN = OFF, BOR disabled
  1612                           ;	Internal External Switchover bit
  1613                           ;	IESO = OFF, Internal/External Switchover mode is disabled
  1614                           ;	Fail-Safe Clock Monitor Enabled bit
  1615                           ;	FCMEN = OFF, Fail-Safe Clock Monitor is disabled
  1616                           ;	Low Voltage Programming Enable bit
  1617                           ;	LVP = OFF, RB3 pin has digital I/O, HV on MCLR must be used for programming
  1618                           ;	In-Circuit Debugger Mode bit
  1619                           ;	DEBUG = 0x1, unprogrammed default
  1620  2007                     	org	8199
  1621  2007  20C4               	dw	8388
  1622                           
  1623                           ;Config register CONFIG2 @ 0x2008
  1624                           ;	Brown-out Reset Selection bit
  1625                           ;	BOR4V = BOR40V, Brown-out Reset set to 4.0V
  1626                           ;	Flash Program Memory Self Write Enable bits
  1627                           ;	WRT = OFF, Write protection off
  1628  2008                     	org	8200
  1629  2008  3FFF               	dw	16383

Data Sizes:
    Strings     0
    Constant    0
    Data        0
    BSS         46
    Persistent  0
    Stack       0

Auto Spaces:
    Space          Size  Autos    Used
    COMMON           14      7      11
    BANK0            80      3      45
    BANK1            80      0       0
    BANK3            96      0       0
    BANK2            96      0       0

Pointer List with Targets:

    DHT11_ReadData@datos	PTR unsigned char  size(1) Largest target is 1
		 -> CHECKSUM(BANK0[1]), dummyT1(COMMON[1]), Temp1(COMMON[1]), dummyHum1(COMMON[1]), 
		 -> Hum1(COMMON[1]), 


Critical Paths under _main in COMMON

    _main->_DHT11_ReadData
    _config->_I2C_Slave_Init

Critical Paths under _isr in COMMON

    None.

Critical Paths under _main in BANK0

    None.

Critical Paths under _isr in BANK0

    None.

Critical Paths under _main in BANK1

    None.

Critical Paths under _isr in BANK1

    None.

Critical Paths under _main in BANK3

    None.

Critical Paths under _isr in BANK3

    None.

Critical Paths under _main in BANK2

    None.

Critical Paths under _isr in BANK2

    None.

Call Graph Tables:

 ---------------------------------------------------------------------------------
 (Depth) Function   	        Calls       Base Space   Used Autos Params    Refs
 ---------------------------------------------------------------------------------
 (0) _main                                                 3     3      0     299
                                              0 BANK0      3     3      0
                     _DHT11_ReadData
                     _DHT11_response
                        _DHT11_start
                             _config
 ---------------------------------------------------------------------------------
 (1) _config                                               0     0      0      22
                     _I2C_Slave_Init
 ---------------------------------------------------------------------------------
 (2) _I2C_Slave_Init                                       1     1      0      22
                                              3 COMMON     1     1      0
 ---------------------------------------------------------------------------------
 (1) _DHT11_start                                          2     2      0       0
                                              3 COMMON     2     2      0
 ---------------------------------------------------------------------------------
 (1) _DHT11_response                                       0     0      0       0
 ---------------------------------------------------------------------------------
 (1) _DHT11_ReadData                                       4     4      0     277
                                              3 COMMON     4     4      0
 ---------------------------------------------------------------------------------
 Estimated maximum stack depth 2
 ---------------------------------------------------------------------------------
 (Depth) Function   	        Calls       Base Space   Used Autos Params    Refs
 ---------------------------------------------------------------------------------
 (3) _isr                                                  3     3      0       0
                                              0 COMMON     3     3      0
 ---------------------------------------------------------------------------------
 Estimated maximum stack depth 3
 ---------------------------------------------------------------------------------

 Call Graph Graphs:

 _main (ROOT)
   _DHT11_ReadData
   _DHT11_response
   _DHT11_start
   _config
     _I2C_Slave_Init

 _isr (ROOT)

 Address spaces:
Name               Size   Autos  Total    Cost      Usage
BITCOMMON            E      0       0       0        0.0%
EEDATA             100      0       0       0        0.0%
NULL                 0      0       0       0        0.0%
CODE                 0      0       0       0        0.0%
COMMON               E      7       B       1       78.6%
BITSFR0              0      0       0       1        0.0%
SFR0                 0      0       0       1        0.0%
BITSFR1              0      0       0       2        0.0%
SFR1                 0      0       0       2        0.0%
STACK                0      0       0       2        0.0%
ABS                  0      0      38       3        0.0%
BITBANK0            50      0       0       4        0.0%
BITSFR3              0      0       0       4        0.0%
SFR3                 0      0       0       4        0.0%
BANK0               50      3      2D       5       56.2%
BITSFR2              0      0       0       5        0.0%
SFR2                 0      0       0       5        0.0%
BITBANK1            50      0       0       6        0.0%
BANK1               50      0       0       7        0.0%
BITBANK3            60      0       0       8        0.0%
BANK3               60      0       0       9        0.0%
BITBANK2            60      0       0      10        0.0%
BANK2               60      0       0      11        0.0%
DATA                 0      0      38      12        0.0%


Microchip Technology PIC Macro Assembler V2.31 build 20201012212115 
Symbol Table                                                                                   Sun Sep 05 22:51:02 2021

                      _z 0047              _SSPSTATbits 0094                       l20 0103  
                     _BF 04A0                       l17 0166                       l42 00D7  
                     l26 0129                       l28 0117                       l46 00FD  
                     l39 00CF                       fsr 0004                      l150 014B  
                    l143 008A                      l342 0180                      _GIE 005F  
                    _RA0 0028                      u400 0107                      u401 0106  
                    u410 010D                      u411 010C                      u500 00FD  
                    u420 0113                      u501 00FC                      u421 0112  
                    u430 011B                      u431 011A                      u440 0121  
                    u441 0120                      u450 0127                      u610 0099  
                    u451 0126                      u611 0098                      u460 00D5  
                    u461 00D4                      u470 00DB                      u471 00DA  
                    u480 00E1                      u481 00E0                      u627 00BF  
                    u637 0156                      u494 00E9                      u495 00E7  
                    u647 0160                      _isr 0020                      fsr0 0004  
                    indf 0000                     l1400 00DB                     l1402 00E1  
                   l1410 013A                     l1404 00F3                     l1340 0176  
                   l1420 014A                     l1412 0140                     l1406 00F7  
                   l1350 017D                     l1342 0177                     l1414 0144  
                   l1360 00FE                     l1352 014C                     l1344 0178  
                   l1416 0145                     l1408 012A                     l1362 0102  
                   l1354 0152                     l1346 0179                     l1338 0168  
                   l1418 0149                     l1364 0107                     l1356 015B  
                   l1348 017A                     l1390 00CA                     l1374 0115  
                   l1366 010D                     l1358 0163                     l1470 00B7  
                   l1392 00CE                     l1376 011B                     l1368 0113  
                   l1464 0085                     l1386 0128                     l1378 0121  
                   l1466 008F                     l1468 0099                     l1398 00D5  
                   ?_isr 0070                     _PEIE 005E                     _Hum1 0078  
                   _bits 0034                     _main 0085                     btemp 007E  
                   start 000C         ??_DHT11_ReadData 0073      DHT11_ReadData@datos 0076  
   __size_of_DHT11_start 001B                    ??_isr 0070                    ?_main 0070  
                  _ANSEL 0188                    _T1CON 0010                    i1l130 0048  
                  i1l133 007B                    i1l135 0075                    i1l129 005A  
                  i1l138 007E                    _TMR1H 000F                    _TMR1L 000E  
                  u51_20 0026                    u51_21 0025                    _PORTA 0005  
                  _PORTB 0006                    _PORTD 0008                    _PORTE 0009  
                  u52_20 002B                    u52_21 002A                    u53_20 002F  
                  u53_21 002E                    u54_20 003C                    u54_21 003B  
                  u55_20 0040                    u55_21 003F                    u56_20 004E  
                  u56_21 004D                    u57_20 005E                    u57_21 005D  
                  _TRISA 0085                    _TRISB 0086                    _TRISD 0088  
                  u65_27 0056                    _SSPIE 0463                    _TRISE 0089  
                  u58_20 0062                    _SSPIF 0063                    u58_21 0061  
                  u66_27 0072                    u59_20 007B                    u59_21 007A  
                  _Temp1 007A                    _conv0 0042                    _conv1 003E  
                  pclath 000A                    status 0003                    wtemp0 007E  
        __initialization 000F             __end_of_main 00C9         ??_DHT11_response 0073  
                 ??_main 004A                   _ANSELH 0189                   i1l1430 0033  
                 i1l1422 0020                   i1l1440 0040                   i1l1432 0034  
                 i1l1424 0026                   i1l1450 0062                   i1l1442 0046  
                 i1l1434 0035                   i1l1426 002B                   i1l1452 0068  
                 i1l1444 0047                   i1l1436 0036                   i1l1428 002F  
                 i1l1454 006F                   i1l1446 004E                   i1l1438 003C  
                 i1l1448 005E                   _SSPADD 0093                   _TRISC3 043B  
                 _TRISC4 043C                   _SSPBUF 0013                   _SSPCON 0014  
                 _config 012A                   saved_w 007E  __end_of__initialization 001C  
         __pcstackCOMMON 0070  __size_of_I2C_Slave_Init 001A    I2C_Slave_Init@address 0073  
             __pbssBANK0 0020               __pmaintext 0085               __pintentry 0004  
                ?_config 0070                  _SSPCON2 0091                  _SSPSTAT 0094  
          ??_DHT11_start 0073          __size_of_config 0022                _ANSELbits 0188  
                __ptext1 012A                  __ptext2 0167                  __ptext3 014C  
                __ptext4 00FE                  __ptext5 00C9                  __ptext6 0020  
              _T1CONbits 0010                  _lectura 0046                  _dummyT1 0079  
           __size_of_isr 0065                  _humedad 0020                  clrloop0 0182  
   end_of_initialization 001C           _I2C_Slave_Init 0167      __end_of_DHT11_start 0167  
              _PORTEbits 0009  __size_of_DHT11_ReadData 0035                _TRISAbits 0085  
              _TRISCbits 0087   __end_of_I2C_Slave_Init 0181           __end_of_config 014C  
    start_initialization 000F              __end_of_isr 0085  __size_of_DHT11_response 002C  
        ?_I2C_Slave_Init 0070              _DHT11_start 014C                 ??_config 0074  
            __pbssCOMMON 0077                ___latbits 0002            __pcstackBANK0 004A  
         _DHT11_ReadData 00C9                 _CHECKSUM 0049                _dummyHum1 0077  
      interrupt_function 0004                clear_ram0 0181                 _PIE1bits 008C  
               _PIR1bits 000C   __end_of_DHT11_ReadData 00FE               _ADCON0bits 001F  
             _ADCON1bits 009F           _DHT11_response 00FE          ?_DHT11_ReadData 0070  
        DHT11_ReadData@i 0075               _ANSELHbits 0189   __end_of_DHT11_response 012A  
               _contador 0048         ??_I2C_Slave_Init 0073            __size_of_main 0044  
           ?_DHT11_start 0070          ?_DHT11_response 0070                 intlevel1 0000  
             _OSCCONbits 008F              _temperatura 002A              _SSPCON2bits 0091  
             _SSPCONbits 0014  
